{"meta": {"format": 3, "version": "7.16.1", "timestamp": "2026-09-23T23:16:46.650236", "branch_coverage": false, "show_contexts": false}, "files": {"trex/__init__.py": {"executed_lines": [16, 18, 19, 20, 21, 22, 23, 24, 25, 34, 39, 50], "summary": {"covered_lines": 12, "num_statements": 12, "percent_covered": 100.0, "percent_covered_display": "100", "missing_lines": 0, "excluded_lines": 0, "percent_statements_covered": 100.0, "percent_statements_covered_display": "100"}, "missing_lines": [], "excluded_lines": [], "functions": {"": {"executed_lines": [16, 18, 19, 20, 21, 22, 23, 24, 25, 34, 39, 50], "summary": {"covered_lines": 12, "num_statements": 12, "percent_covered": 100.0, "percent_covered_display": "100", "missing_lines": 0, "excluded_lines": 0, "percent_statements_covered": 100.0, "percent_statements_covered_display": "100"}, "missing_lines": [], "excluded_lines": [], "start_line": 1}}, "classes": {"": {"executed_lines": [16, 18, 19, 20, 21, 22, 23, 24, 25, 34, 39, 50], "summary": {"covered_lines": 12, "num_statements": 12, "percent_covered": 100.0, "percent_covered_display": "100", "missing_lines": 0, "excluded_lines": 0, "percent_statements_covered": 100.0, "percent_statements_covered_display": "100"}, "missing_lines": [], "excluded_lines": [], "start_line": 1}}}, "trex/_utils.py": {"executed_lines": [3, 4, 7, 15, 16, 17, 20, 21, 22, 25, 26, 27, 28, 33, 34, 35], "summary": {"covered_lines": 16, "num_statements": 18, "percent_covered": 88.88888888888889, "percent_covered_display": "89", "missing_lines": 2, "excluded_lines": 0, "percent_statements_covered": 88.88888888888889, "percent_statements_covered_display": "89"}, "missing_lines": [29, 30], "excluded_lines": [], "functions": {"_to_tensor": {"executed_lines": [15, 16, 17], "summary": {"covered_lines": 3, "num_statements": 3, "percent_covered": 100.0, "percent_covered_display": "100", "missing_lines": 0, "excluded_lines": 0, "percent_statements_covered": 100.0, "percent_statements_covered_display": "100"}, "missing_lines": [], "excluded_lines": [], "start_line": 7}, "_optimizer_display_name": {"executed_lines": [21, 22], "summary": {"covered_lines": 2, "num_statements": 2, "percent_covered": 100.0, "percent_covered_display": "100", "missing_lines": 0, "excluded_lines": 0, "percent_statements_covered": 100.0, "percent_statements_covered_display": "100"}, "missing_lines": [], "excluded_lines": [], "start_line": 20}, "_is_lbfgs_optimizer": {"executed_lines": [26, 27, 28], "summary": {"covered_lines": 3, "num_statements": 5, "percent_covered": 60.0, "percent_covered_display": "60", "missing_lines": 2, "excluded_lines": 0, "percent_statements_covered": 60.0, "percent_statements_covered_display": "60"}, "missing_lines": [29, 30], "excluded_lines": [], "start_line": 25}, "_encode_ids": {"executed_lines": [34, 35], "summary": {"covered_lines": 2, "num_statements": 2, "percent_covered": 100.0, "percent_covered_display": "100", "missing_lines": 0, "excluded_lines": 0, "percent_statements_covered": 100.0, "percent_statements_covered_display": "100"}, "missing_lines": [], "excluded_lines": [], "start_line": 33}, "": {"executed_lines": [3, 4, 7, 20, 25, 33], "summary": {"covered_lines": 6, "num_statements": 6, "percent_covered": 100.0, "percent_covered_display": "100", "missing_lines": 0, "excluded_lines": 0, "percent_statements_covered": 100.0, "percent_statements_covered_display": "100"}, "missing_lines": [], "excluded_lines": [], "start_line": 1}}, "classes": {"": {"executed_lines": [3, 4, 7, 15, 16, 17, 20, 21, 22, 25, 26, 27, 28, 33, 34, 35], "summary": {"covered_lines": 16, "num_statements": 18, "percent_covered": 88.88888888888889, "percent_covered_display": "89", "missing_lines": 2, "excluded_lines": 0, "percent_statements_covered": 88.88888888888889, "percent_statements_covered_display": "89"}, "missing_lines": [29, 30], "excluded_lines": [], "start_line": 1}}}, "trex/base.py": {"executed_lines": [1, 2, 4, 7, 17, 19, 20, 22, 23, 25, 26, 30, 43, 44, 45, 49, 51], "summary": {"covered_lines": 17, "num_statements": 26, "percent_covered": 65.38461538461539, "percent_covered_display": "65", "missing_lines": 9, "excluded_lines": 0, "percent_statements_covered": 65.38461538461539, "percent_statements_covered_display": "65"}, "missing_lines": [28, 53, 54, 55, 57, 58, 59, 60, 61], "excluded_lines": [], "functions": {"BaseEstimator.__init__": {"executed_lines": [19, 20, 22, 23], "summary": {"covered_lines": 4, "num_statements": 4, "percent_covered": 100.0, "percent_covered_display": "100", "missing_lines": 0, "excluded_lines": 0, "percent_statements_covered": 100.0, "percent_statements_covered_display": "100"}, "missing_lines": [], "excluded_lines": [], "start_line": 17}, "BaseEstimator.fit": {"executed_lines": [], "summary": {"covered_lines": 0, "num_statements": 1, "percent_covered": 0.0, "percent_covered_display": "0", "missing_lines": 1, "excluded_lines": 0, "percent_statements_covered": 0.0, "percent_statements_covered_display": "0"}, "missing_lines": [28], "excluded_lines": [], "start_line": 26}, "BaseEstimator.to": {"executed_lines": [43, 44, 45, 49], "summary": {"covered_lines": 4, "num_statements": 4, "percent_covered": 100.0, "percent_covered_display": "100", "missing_lines": 0, "excluded_lines": 0, "percent_statements_covered": 100.0, "percent_statements_covered_display": "100"}, "missing_lines": [], "excluded_lines": [], "start_line": 30}, "BaseEstimator.summary": {"executed_lines": [], "summary": {"covered_lines": 0, "num_statements": 8, "percent_covered": 0.0, "percent_covered_display": "0", "missing_lines": 8, "excluded_lines": 0, "percent_statements_covered": 0.0, "percent_statements_covered_display": "0"}, "missing_lines": [53, 54, 55, 57, 58, 59, 60, 61], "excluded_lines": [], "start_line": 51}, "": {"executed_lines": [1, 2, 4, 7, 17, 25, 26, 30, 51], "summary": {"covered_lines": 9, "num_statements": 9, "percent_covered": 100.0, "percent_covered_display": "100", "missing_lines": 0, "excluded_lines": 0, "percent_statements_covered": 100.0, "percent_statements_covered_display": "100"}, "missing_lines": [], "excluded_lines": [], "start_line": 1}}, "classes": {"BaseEstimator": {"executed_lines": [19, 20, 22, 23, 43, 44, 45, 49], "summary": {"covered_lines": 8, "num_statements": 17, "percent_covered": 47.05882352941177, "percent_covered_display": "47", "missing_lines": 9, "excluded_lines": 0, "percent_statements_covered": 47.05882352941177, "percent_statements_covered_display": "47"}, "missing_lines": [28, 53, 54, 55, 57, 58, 59, 60, 61], "excluded_lines": [], "start_line": 7}, "": {"executed_lines": [1, 2, 4, 7, 17, 25, 26, 30, 51], "summary": {"covered_lines": 9, "num_statements": 9, "percent_covered": 100.0, "percent_covered_display": "100", "missing_lines": 0, "excluded_lines": 0, "percent_statements_covered": 100.0, "percent_statements_covered_display": "100"}, "missing_lines": [], "excluded_lines": [], "start_line": 1}}}, "trex/choice/__init__.py": {"executed_lines": [8, 9, 17, 22, 24], "summary": {"covered_lines": 5, "num_statements": 5, "percent_covered": 100.0, "percent_covered_display": "100", "missing_lines": 0, "excluded_lines": 0, "percent_statements_covered": 100.0, "percent_statements_covered_display": "100"}, "missing_lines": [], "excluded_lines": [], "functions": {"": {"executed_lines": [8, 9, 17, 22, 24], "summary": {"covered_lines": 5, "num_statements": 5, "percent_covered": 100.0, "percent_covered_display": "100", "missing_lines": 0, "excluded_lines": 0, "percent_statements_covered": 100.0, "percent_statements_covered_display": "100"}, "missing_lines": [], "excluded_lines": [], "start_line": 1}}, "classes": {"": {"executed_lines": [8, 9, 17, 22, 24], "summary": {"covered_lines": 5, "num_statements": 5, "percent_covered": 100.0, "percent_covered_display": "100", "missing_lines": 0, "excluded_lines": 0, "percent_statements_covered": 100.0, "percent_statements_covered_display": "100"}, "missing_lines": [], "excluded_lines": [], "start_line": 1}}}, "trex/choice/base.py": {"executed_lines": [1, 2, 4, 7, 29, 30, 47, 48, 68, 69], "summary": {"covered_lines": 10, "num_statements": 13, "percent_covered": 76.92307692307692, "percent_covered_display": "77", "missing_lines": 3, "excluded_lines": 0, "percent_statements_covered": 76.92307692307692, "percent_statements_covered_display": "77"}, "missing_lines": [45, 66, 89], "excluded_lines": [], "functions": {"ChoiceModel.predict_proba": {"executed_lines": [], "summary": {"covered_lines": 0, "num_statements": 1, "percent_covered": 0.0, "percent_covered_display": "0", "missing_lines": 1, "excluded_lines": 0, "percent_statements_covered": 0.0, "percent_statements_covered_display": "0"}, "missing_lines": [45], "excluded_lines": [], "start_line": 30}, "ChoiceModel.simulate": {"executed_lines": [], "summary": {"covered_lines": 0, "num_statements": 1, "percent_covered": 0.0, "percent_covered_display": "0", "missing_lines": 1, "excluded_lines": 0, "percent_statements_covered": 0.0, "percent_statements_covered_display": "0"}, "missing_lines": [66], "excluded_lines": [], "start_line": 48}, "ChoiceModel.counterfactual": {"executed_lines": [], "summary": {"covered_lines": 0, "num_statements": 1, "percent_covered": 0.0, "percent_covered_display": "0", "missing_lines": 1, "excluded_lines": 0, "percent_statements_covered": 0.0, "percent_statements_covered_display": "0"}, "missing_lines": [89], "excluded_lines": [], "start_line": 69}, "": {"executed_lines": [1, 2, 4, 7, 29, 30, 47, 48, 68, 69], "summary": {"covered_lines": 10, "num_statements": 10, "percent_covered": 100.0, "percent_covered_display": "100", "missing_lines": 0, "excluded_lines": 0, "percent_statements_covered": 100.0, "percent_statements_covered_display": "100"}, "missing_lines": [], "excluded_lines": [], "start_line": 1}}, "classes": {"ChoiceModel": {"executed_lines": [], "summary": {"covered_lines": 0, "num_statements": 3, "percent_covered": 0.0, "percent_covered_display": "0", "missing_lines": 3, "excluded_lines": 0, "percent_statements_covered": 0.0, "percent_statements_covered_display": "0"}, "missing_lines": [45, 66, 89], "excluded_lines": [], "start_line": 7}, "": {"executed_lines": [1, 2, 4, 7, 29, 30, 47, 48, 68, 69], "summary": {"covered_lines": 10, "num_statements": 10, "percent_covered": 100.0, "percent_covered_display": "100", "missing_lines": 0, "excluded_lines": 0, "percent_statements_covered": 100.0, "percent_statements_covered_display": "100"}, "missing_lines": [], "excluded_lines": [], "start_line": 1}}}, "trex/choice/ccp_estimators.py": {"executed_lines": [3, 4, 7, 20, 22, 31, 32, 39, 40, 41, 46, 47], "summary": {"covered_lines": 12, "num_statements": 15, "percent_covered": 80.0, "percent_covered_display": "80", "missing_lines": 3, "excluded_lines": 0, "percent_statements_covered": 80.0, "percent_statements_covered_display": "80"}, "missing_lines": [21, 28, 38], "excluded_lines": [], "functions": {"estimate_ccps": {"executed_lines": [20, 22, 31, 32, 39, 40, 41, 46, 47], "summary": {"covered_lines": 9, "num_statements": 12, "percent_covered": 75.0, "percent_covered_display": "75", "missing_lines": 3, "excluded_lines": 0, "percent_statements_covered": 75.0, "percent_statements_covered_display": "75"}, "missing_lines": [21, 28, 38], "excluded_lines": [], "start_line": 7}, "": {"executed_lines": [3, 4, 7], "summary": {"covered_lines": 3, "num_statements": 3, "percent_covered": 100.0, "percent_covered_display": "100", "missing_lines": 0, "excluded_lines": 0, "percent_statements_covered": 100.0, "percent_statements_covered_display": "100"}, "missing_lines": [], "excluded_lines": [], "start_line": 1}}, "classes": {"": {"executed_lines": [3, 4, 7, 20, 22, 31, 32, 39, 40, 41, 46, 47], "summary": {"covered_lines": 12, "num_statements": 15, "percent_covered": 80.0, "percent_covered_display": "80", "missing_lines": 3, "excluded_lines": 0, "percent_statements_covered": 80.0, "percent_statements_covered_display": "80"}, "missing_lines": [21, 28, 38], "excluded_lines": [], "start_line": 1}}}, "trex/choice/dynamic.py": {"executed_lines": [14, 15, 16, 18, 19, 21, 22, 25, 26, 39, 40, 41, 42, 43, 44, 46, 53, 54, 56, 63, 64, 70, 72, 81, 83, 87, 88, 90, 92, 99, 101, 104, 117, 143, 144, 146, 147, 151, 153, 154, 155, 156, 159, 160, 162, 164, 165, 166, 167, 168, 169, 176, 177, 178, 179, 181, 191, 192, 193, 195, 197, 201, 202, 203, 205, 209, 210, 211, 223, 224, 226, 227, 232, 233, 236, 237, 238, 240, 244, 248, 252, 255, 256, 266, 268, 270, 271, 272, 275, 277, 278, 280, 281, 286, 289, 290, 293, 294, 295, 296, 298, 299, 302, 303, 304, 305, 306, 311, 313, 329, 330, 335, 340, 341, 344, 345, 347, 359, 360, 362, 380, 385, 390, 395, 397, 399, 422, 426, 427, 428, 430, 431, 433, 440, 459, 460, 468, 471, 473, 475, 481, 483, 487, 488, 489, 490, 494, 496, 504, 507, 508, 510, 511, 512, 519, 524, 526, 527, 534, 535, 538, 539, 540, 541, 542, 543, 547, 548, 551, 552, 555, 557, 559, 566, 572, 573, 574, 576, 577, 579, 580, 586, 590, 591, 594, 597, 598, 599, 600, 601, 604, 605, 606, 608, 609, 612, 614, 621, 622, 626, 627, 628, 629, 630, 631, 632, 633, 634, 642, 647, 659, 669, 671, 676, 678, 679, 680, 681, 685, 689, 699, 710, 720, 721, 722, 724, 726, 727, 730, 732, 737, 739, 745, 748, 760, 763, 764, 767, 768, 774, 776, 782, 784, 785, 786, 790, 796, 797, 800, 805, 807, 809, 820, 823, 826, 830, 832, 840, 843, 849, 855, 861, 862, 866, 873, 884, 898, 899, 900, 901, 902, 907, 925, 926, 927, 928, 930, 933, 943, 957, 958, 959, 960, 961, 964, 970, 989, 994, 999, 1000, 1001, 1002, 1003, 1004, 1006, 1008, 1010, 1015, 1017, 1022, 1025, 1030], "summary": {"covered_lines": 302, "num_statements": 352, "percent_covered": 85.79545454545455, "percent_covered_display": "86", "missing_lines": 50, "excluded_lines": 0, "percent_statements_covered": 85.79545454545455, "percent_statements_covered_display": "86"}, "missing_lines": [55, 69, 71, 84, 100, 148, 152, 198, 206, 222, 225, 234, 242, 246, 249, 250, 264, 276, 283, 284, 331, 338, 342, 381, 435, 467, 492, 505, 509, 514, 520, 532, 536, 556, 558, 562, 578, 585, 589, 677, 686, 738, 740, 757, 787, 788, 802, 867, 1018, 1026], "excluded_lines": [], "functions": {"DynamicChoiceData.validate": {"executed_lines": [53, 54, 56, 63, 64, 70, 72, 81, 83, 87, 88], "summary": {"covered_lines": 11, "num_statements": 15, "percent_covered": 73.33333333333333, "percent_covered_display": "73", "missing_lines": 4, "excluded_lines": 0, "percent_statements_covered": 73.33333333333333, "percent_statements_covered_display": "73"}, "missing_lines": [55, 69, 71, 84], "excluded_lines": [], "start_line": 46}, "DynamicChoiceData.to_dict": {"executed_lines": [92, 99, 101], "summary": {"covered_lines": 3, "num_statements": 4, "percent_covered": 75.0, "percent_covered_display": "75", "missing_lines": 1, "excluded_lines": 0, "percent_statements_covered": 75.0, "percent_statements_covered_display": "75"}, "missing_lines": [100], "excluded_lines": [], "start_line": 90}, "DynamicChoiceModel.__init__": {"executed_lines": [143, 144, 146, 147, 151, 153, 154, 155, 156, 159, 160], "summary": {"covered_lines": 11, "num_statements": 13, "percent_covered": 84.61538461538461, "percent_covered_display": "85", "missing_lines": 2, "excluded_lines": 0, "percent_statements_covered": 84.61538461538461, "percent_statements_covered_display": "85"}, "missing_lines": [148, 152], "excluded_lines": [], "start_line": 117}, "DynamicChoiceModel.to": {"executed_lines": [164, 165, 166, 167, 168, 169, 176, 177, 178, 179], "summary": {"covered_lines": 10, "num_statements": 10, "percent_covered": 100.0, "percent_covered_display": "100", "missing_lines": 0, "excluded_lines": 0, "percent_statements_covered": 100.0, "percent_statements_covered_display": "100"}, "missing_lines": [], "excluded_lines": [], "start_line": 162}, "DynamicChoiceModel.fit": {"executed_lines": [191, 192, 193, 195, 197, 201, 202, 203, 205, 209, 210, 211, 223, 224, 226, 227, 232, 233, 236, 237, 238, 240, 244, 248, 252, 255, 256, 266, 268, 270, 280, 281, 286, 289, 290, 293, 294, 295, 296, 298, 299, 302, 303, 304, 305, 306, 311], "summary": {"covered_lines": 47, "num_statements": 59, "percent_covered": 79.66101694915254, "percent_covered_display": "80", "missing_lines": 12, "excluded_lines": 0, "percent_statements_covered": 79.66101694915254, "percent_statements_covered_display": "80"}, "missing_lines": [198, 206, 222, 225, 234, 242, 246, 249, 250, 264, 283, 284], "excluded_lines": [], "start_line": 181}, "DynamicChoiceModel.fit.closure": {"executed_lines": [271, 272, 275, 277, 278], "summary": {"covered_lines": 5, "num_statements": 6, "percent_covered": 83.33333333333333, "percent_covered_display": "83", "missing_lines": 1, "excluded_lines": 0, "percent_statements_covered": 83.33333333333333, "percent_statements_covered_display": "83"}, "missing_lines": [276], "excluded_lines": [], "start_line": 270}, "DynamicChoiceModel.set_transition_probabilities": {"executed_lines": [329, 330, 335, 340, 341, 344, 345], "summary": {"covered_lines": 7, "num_statements": 10, "percent_covered": 70.0, "percent_covered_display": "70", "missing_lines": 3, "excluded_lines": 0, "percent_statements_covered": 70.0, "percent_statements_covered_display": "70"}, "missing_lines": [331, 338, 342], "excluded_lines": [], "start_line": 313}, "DynamicChoiceModel.set_flow_utility": {"executed_lines": [359, 360], "summary": {"covered_lines": 2, "num_statements": 2, "percent_covered": 100.0, "percent_covered_display": "100", "missing_lines": 0, "excluded_lines": 0, "percent_statements_covered": 100.0, "percent_statements_covered_display": "100"}, "missing_lines": [], "excluded_lines": [], "start_line": 347}, "DynamicChoiceModel._bellman_operator": {"executed_lines": [380, 385, 390, 395, 397], "summary": {"covered_lines": 5, "num_statements": 6, "percent_covered": 83.33333333333333, "percent_covered_display": "83", "missing_lines": 1, "excluded_lines": 0, "percent_statements_covered": 83.33333333333333, "percent_statements_covered_display": "83"}, "missing_lines": [381], "excluded_lines": [], "start_line": 362}, "DynamicChoiceModel.solve_value_functions": {"executed_lines": [422, 426, 427, 428, 430, 431, 433], "summary": {"covered_lines": 7, "num_statements": 8, "percent_covered": 87.5, "percent_covered_display": "88", "missing_lines": 1, "excluded_lines": 0, "percent_statements_covered": 87.5, "percent_statements_covered_display": "88"}, "missing_lines": [435], "excluded_lines": [], "start_line": 399}, "DynamicChoiceModel._compute_choice_probs": {"executed_lines": [459, 460, 468, 471, 473], "summary": {"covered_lines": 5, "num_statements": 6, "percent_covered": 83.33333333333333, "percent_covered_display": "83", "missing_lines": 1, "excluded_lines": 0, "percent_statements_covered": 83.33333333333333, "percent_statements_covered_display": "83"}, "missing_lines": [467], "excluded_lines": [], "start_line": 440}, "DynamicChoiceModel._unpack_params": {"executed_lines": [481, 483, 487, 488, 489, 490, 494], "summary": {"covered_lines": 7, "num_statements": 8, "percent_covered": 87.5, "percent_covered_display": "88", "missing_lines": 1, "excluded_lines": 0, "percent_statements_covered": 87.5, "percent_statements_covered_display": "88"}, "missing_lines": [492], "excluded_lines": [], "start_line": 475}, "DynamicChoiceModel._get_coef_params": {"executed_lines": [504, 507, 508, 510, 511, 512, 519, 524], "summary": {"covered_lines": 8, "num_statements": 12, "percent_covered": 66.66666666666667, "percent_covered_display": "67", "missing_lines": 4, "excluded_lines": 0, "percent_statements_covered": 66.66666666666667, "percent_statements_covered_display": "67"}, "missing_lines": [505, 509, 514, 520], "excluded_lines": [], "start_line": 496}, "DynamicChoiceModel._negative_log_likelihood": {"executed_lines": [], "summary": {"covered_lines": 0, "num_statements": 1, "percent_covered": 0.0, "percent_covered_display": "0", "missing_lines": 1, "excluded_lines": 0, "percent_statements_covered": 0.0, "percent_statements_covered_display": "0"}, "missing_lines": [532], "excluded_lines": [], "start_line": 527}, "DynamicChoiceModel._compute_fisher_information": {"executed_lines": [], "summary": {"covered_lines": 0, "num_statements": 1, "percent_covered": 0.0, "percent_covered_display": "0", "missing_lines": 1, "excluded_lines": 0, "percent_statements_covered": 0.0, "percent_statements_covered_display": "0"}, "missing_lines": [536], "excluded_lines": [], "start_line": 535}, "DynamicChoiceModel._flow_utility": {"executed_lines": [539, 540, 541, 542, 543, 547, 548, 551, 552, 555, 557, 559], "summary": {"covered_lines": 12, "num_statements": 15, "percent_covered": 80.0, "percent_covered_display": "80", "missing_lines": 3, "excluded_lines": 0, "percent_statements_covered": 80.0, "percent_statements_covered_display": "80"}, "missing_lines": [556, 558, 562], "excluded_lines": [], "start_line": 538}, "DynamicChoiceModel.predict_proba": {"executed_lines": [572, 573, 574], "summary": {"covered_lines": 3, "num_statements": 3, "percent_covered": 100.0, "percent_covered_display": "100", "missing_lines": 0, "excluded_lines": 0, "percent_statements_covered": 100.0, "percent_statements_covered_display": "100"}, "missing_lines": [], "excluded_lines": [], "start_line": 566}, "DynamicChoiceModel._simulate_values": {"executed_lines": [577, 579, 580, 586, 590, 591, 594, 597, 598, 599, 600, 601, 604, 605, 606], "summary": {"covered_lines": 15, "num_statements": 18, "percent_covered": 83.33333333333333, "percent_covered_display": "83", "missing_lines": 3, "excluded_lines": 0, "percent_statements_covered": 83.33333333333333, "percent_statements_covered_display": "83"}, "missing_lines": [578, 585, 589], "excluded_lines": [], "start_line": 576}, "DynamicChoiceModel.simulate": {"executed_lines": [609, 612], "summary": {"covered_lines": 2, "num_statements": 2, "percent_covered": 100.0, "percent_covered_display": "100", "missing_lines": 0, "excluded_lines": 0, "percent_statements_covered": 100.0, "percent_statements_covered_display": "100"}, "missing_lines": [], "excluded_lines": [], "start_line": 608}, "DynamicChoiceModel.counterfactual": {"executed_lines": [621, 622, 626, 627, 628, 629, 630, 631, 632, 633, 634], "summary": {"covered_lines": 11, "num_statements": 11, "percent_covered": 100.0, "percent_covered_display": "100", "missing_lines": 0, "excluded_lines": 0, "percent_statements_covered": 100.0, "percent_statements_covered_display": "100"}, "missing_lines": [], "excluded_lines": [], "start_line": 614}, "RustNFP.__init__": {"executed_lines": [659, 669], "summary": {"covered_lines": 2, "num_statements": 2, "percent_covered": 100.0, "percent_covered_display": "100", "missing_lines": 0, "excluded_lines": 0, "percent_statements_covered": 100.0, "percent_statements_covered_display": "100"}, "missing_lines": [], "excluded_lines": [], "start_line": 647}, "RustNFP._negative_log_likelihood": {"executed_lines": [676, 678, 679, 680, 681], "summary": {"covered_lines": 5, "num_statements": 6, "percent_covered": 83.33333333333333, "percent_covered_display": "83", "missing_lines": 1, "excluded_lines": 0, "percent_statements_covered": 83.33333333333333, "percent_statements_covered_display": "83"}, "missing_lines": [677], "excluded_lines": [], "start_line": 671}, "RustNFP._compute_fisher_information": {"executed_lines": [], "summary": {"covered_lines": 0, "num_statements": 1, "percent_covered": 0.0, "percent_covered_display": "0", "missing_lines": 1, "excluded_lines": 0, "percent_statements_covered": 0.0, "percent_statements_covered_display": "0"}, "missing_lines": [686], "excluded_lines": [], "start_line": 685}, "HotzMillerCCP.__init__": {"executed_lines": [710, 720, 721, 722], "summary": {"covered_lines": 4, "num_statements": 4, "percent_covered": 100.0, "percent_covered_display": "100", "missing_lines": 0, "excluded_lines": 0, "percent_statements_covered": 100.0, "percent_statements_covered_display": "100"}, "missing_lines": [], "excluded_lines": [], "start_line": 699}, "HotzMillerCCP.estimate_ccps": {"executed_lines": [726, 727, 730], "summary": {"covered_lines": 3, "num_statements": 3, "percent_covered": 100.0, "percent_covered_display": "100", "missing_lines": 0, "excluded_lines": 0, "percent_statements_covered": 100.0, "percent_statements_covered_display": "100"}, "missing_lines": [], "excluded_lines": [], "start_line": 724}, "HotzMillerCCP._precompute_inversion_matrices": {"executed_lines": [737, 739, 745, 748, 760, 763, 764, 767, 768, 774], "summary": {"covered_lines": 10, "num_statements": 13, "percent_covered": 76.92307692307692, "percent_covered_display": "77", "missing_lines": 3, "excluded_lines": 0, "percent_statements_covered": 76.92307692307692, "percent_statements_covered_display": "77"}, "missing_lines": [738, 740, 757], "excluded_lines": [], "start_line": 732}, "HotzMillerCCP.fit": {"executed_lines": [782, 784, 785, 786, 790, 796, 797, 800, 805, 807], "summary": {"covered_lines": 10, "num_statements": 13, "percent_covered": 76.92307692307692, "percent_covered_display": "77", "missing_lines": 3, "excluded_lines": 0, "percent_statements_covered": 76.92307692307692, "percent_statements_covered_display": "77"}, "missing_lines": [787, 788, 802], "excluded_lines": [], "start_line": 776}, "HotzMillerCCP.invert_ccps": {"executed_lines": [820, 823, 826, 830], "summary": {"covered_lines": 4, "num_statements": 4, "percent_covered": 100.0, "percent_covered_display": "100", "missing_lines": 0, "excluded_lines": 0, "percent_statements_covered": 100.0, "percent_statements_covered_display": "100"}, "missing_lines": [], "excluded_lines": [], "start_line": 809}, "HotzMillerCCP._negative_log_likelihood": {"executed_lines": [840, 843, 849, 855, 861, 862], "summary": {"covered_lines": 6, "num_statements": 6, "percent_covered": 100.0, "percent_covered_display": "100", "missing_lines": 0, "excluded_lines": 0, "percent_statements_covered": 100.0, "percent_statements_covered_display": "100"}, "missing_lines": [], "excluded_lines": [], "start_line": 832}, "HotzMillerCCP._compute_fisher_information": {"executed_lines": [], "summary": {"covered_lines": 0, "num_statements": 1, "percent_covered": 0.0, "percent_covered_display": "0", "missing_lines": 1, "excluded_lines": 0, "percent_statements_covered": 0.0, "percent_statements_covered_display": "0"}, "missing_lines": [867], "excluded_lines": [], "start_line": 866}, "LinearFlowUtility.__init__": {"executed_lines": [898, 899, 900, 901, 902], "summary": {"covered_lines": 5, "num_statements": 5, "percent_covered": 100.0, "percent_covered_display": "100", "missing_lines": 0, "excluded_lines": 0, "percent_statements_covered": 100.0, "percent_statements_covered_display": "100"}, "missing_lines": [], "excluded_lines": [], "start_line": 884}, "LinearFlowUtility.forward": {"executed_lines": [925, 926, 927, 928, 930], "summary": {"covered_lines": 5, "num_statements": 5, "percent_covered": 100.0, "percent_covered_display": "100", "missing_lines": 0, "excluded_lines": 0, "percent_statements_covered": 100.0, "percent_statements_covered_display": "100"}, "missing_lines": [], "excluded_lines": [], "start_line": 907}, "ReplacementUtility.__init__": {"executed_lines": [957, 958, 959, 960, 961, 964], "summary": {"covered_lines": 6, "num_statements": 6, "percent_covered": 100.0, "percent_covered_display": "100", "missing_lines": 0, "excluded_lines": 0, "percent_statements_covered": 100.0, "percent_statements_covered_display": "100"}, "missing_lines": [], "excluded_lines": [], "start_line": 943}, "ReplacementUtility.forward": {"executed_lines": [989, 994, 999, 1000, 1001, 1002, 1003, 1004, 1006], "summary": {"covered_lines": 9, "num_statements": 9, "percent_covered": 100.0, "percent_covered_display": "100", "missing_lines": 0, "excluded_lines": 0, "percent_statements_covered": 100.0, "percent_statements_covered_display": "100"}, "missing_lines": [], "excluded_lines": [], "start_line": 970}, "ReplacementUtility.get_params": {"executed_lines": [1010], "summary": {"covered_lines": 1, "num_statements": 1, "percent_covered": 100.0, "percent_covered_display": "100", "missing_lines": 0, "excluded_lines": 0, "percent_statements_covered": 100.0, "percent_statements_covered_display": "100"}, "missing_lines": [], "excluded_lines": [], "start_line": 1008}, "ReplacementUtility.set_params": {"executed_lines": [1017, 1022, 1025, 1030], "summary": {"covered_lines": 4, "num_statements": 6, "percent_covered": 66.66666666666667, "percent_covered_display": "67", "missing_lines": 2, "excluded_lines": 0, "percent_statements_covered": 66.66666666666667, "percent_statements_covered_display": "67"}, "missing_lines": [1018, 1026], "excluded_lines": [], "start_line": 1015}, "": {"executed_lines": [14, 15, 16, 18, 19, 21, 22, 25, 26, 39, 40, 41, 42, 43, 44, 46, 90, 104, 117, 162, 181, 313, 347, 362, 399, 440, 475, 496, 526, 527, 534, 535, 538, 566, 576, 608, 614, 642, 647, 671, 685, 689, 699, 724, 732, 776, 809, 832, 866, 873, 884, 907, 933, 943, 970, 1008, 1015], "summary": {"covered_lines": 57, "num_statements": 57, "percent_covered": 100.0, "percent_covered_display": "100", "missing_lines": 0, "excluded_lines": 0, "percent_statements_covered": 100.0, "percent_statements_covered_display": "100"}, "missing_lines": [], "excluded_lines": [], "start_line": 1}}, "classes": {"DynamicChoiceData": {"executed_lines": [53, 54, 56, 63, 64, 70, 72, 81, 83, 87, 88, 92, 99, 101], "summary": {"covered_lines": 14, "num_statements": 19, "percent_covered": 73.6842105263158, "percent_covered_display": "74", "missing_lines": 5, "excluded_lines": 0, "percent_statements_covered": 73.6842105263158, "percent_statements_covered_display": "74"}, "missing_lines": [55, 69, 71, 84, 100], "excluded_lines": [], "start_line": 26}, "DynamicChoiceModel": {"executed_lines": [143, 144, 146, 147, 151, 153, 154, 155, 156, 159, 160, 164, 165, 166, 167, 168, 169, 176, 177, 178, 179, 191, 192, 193, 195, 197, 201, 202, 203, 205, 209, 210, 211, 223, 224, 226, 227, 232, 233, 236, 237, 238, 240, 244, 248, 252, 255, 256, 266, 268, 270, 271, 272, 275, 277, 278, 280, 281, 286, 289, 290, 293, 294, 295, 296, 298, 299, 302, 303, 304, 305, 306, 311, 329, 330, 335, 340, 341, 344, 345, 359, 360, 380, 385, 390, 395, 397, 422, 426, 427, 428, 430, 431, 433, 459, 460, 468, 471, 473, 481, 483, 487, 488, 489, 490, 494, 504, 507, 508, 510, 511, 512, 519, 524, 539, 540, 541, 542, 543, 547, 548, 551, 552, 555, 557, 559, 572, 573, 574, 577, 579, 580, 586, 590, 591, 594, 597, 598, 599, 600, 601, 604, 605, 606, 609, 612, 621, 622, 626, 627, 628, 629, 630, 631, 632, 633, 634], "summary": {"covered_lines": 157, "num_statements": 191, "percent_covered": 82.19895287958116, "percent_covered_display": "82", "missing_lines": 34, "excluded_lines": 0, "percent_statements_covered": 82.19895287958116, "percent_statements_covered_display": "82"}, "missing_lines": [148, 152, 198, 206, 222, 225, 234, 242, 246, 249, 250, 264, 276, 283, 284, 331, 338, 342, 381, 435, 467, 492, 505, 509, 514, 520, 532, 536, 556, 558, 562, 578, 585, 589], "excluded_lines": [], "start_line": 104}, "RustNFP": {"executed_lines": [659, 669, 676, 678, 679, 680, 681], "summary": {"covered_lines": 7, "num_statements": 9, "percent_covered": 77.77777777777777, "percent_covered_display": "78", "missing_lines": 2, "excluded_lines": 0, "percent_statements_covered": 77.77777777777777, "percent_statements_covered_display": "78"}, "missing_lines": [677, 686], "excluded_lines": [], "start_line": 642}, "HotzMillerCCP": {"executed_lines": [710, 720, 721, 722, 726, 727, 730, 737, 739, 745, 748, 760, 763, 764, 767, 768, 774, 782, 784, 785, 786, 790, 796, 797, 800, 805, 807, 820, 823, 826, 830, 840, 843, 849, 855, 861, 862], "summary": {"covered_lines": 37, "num_statements": 44, "percent_covered": 84.0909090909091, "percent_covered_display": "84", "missing_lines": 7, "excluded_lines": 0, "percent_statements_covered": 84.0909090909091, "percent_statements_covered_display": "84"}, "missing_lines": [738, 740, 757, 787, 788, 802, 867], "excluded_lines": [], "start_line": 689}, "LinearFlowUtility": {"executed_lines": [898, 899, 900, 901, 902, 925, 926, 927, 928, 930], "summary": {"covered_lines": 10, "num_statements": 10, "percent_covered": 100.0, "percent_covered_display": "100", "missing_lines": 0, "excluded_lines": 0, "percent_statements_covered": 100.0, "percent_statements_covered_display": "100"}, "missing_lines": [], "excluded_lines": [], "start_line": 873}, "ReplacementUtility": {"executed_lines": [957, 958, 959, 960, 961, 964, 989, 994, 999, 1000, 1001, 1002, 1003, 1004, 1006, 1010, 1017, 1022, 1025, 1030], "summary": {"covered_lines": 20, "num_statements": 22, "percent_covered": 90.9090909090909, "percent_covered_display": "91", "missing_lines": 2, "excluded_lines": 0, "percent_statements_covered": 90.9090909090909, "percent_statements_covered_display": "91"}, "missing_lines": [1018, 1026], "excluded_lines": [], "start_line": 933}, "": {"executed_lines": [14, 15, 16, 18, 19, 21, 22, 25, 26, 39, 40, 41, 42, 43, 44, 46, 90, 104, 117, 162, 181, 313, 347, 362, 399, 440, 475, 496, 526, 527, 534, 535, 538, 566, 576, 608, 614, 642, 647, 671, 685, 689, 699, 724, 732, 776, 809, 832, 866, 873, 884, 907, 933, 943, 970, 1008, 1015], "summary": {"covered_lines": 57, "num_statements": 57, "percent_covered": 100.0, "percent_covered_display": "100", "missing_lines": 0, "excluded_lines": 0, "percent_statements_covered": 100.0, "percent_statements_covered_display": "100"}, "missing_lines": [], "excluded_lines": [], "start_line": 1}}}, "trex/choice/static.py": {"executed_lines": [1, 3, 6, 22, 39, 40, 45, 59, 60, 61, 62, 63, 65, 78, 80, 81, 83, 96, 116, 120, 121, 124, 125, 127, 134, 150, 170, 172, 177, 191, 192, 195, 200, 201, 203, 222, 235, 266, 283, 302, 303, 306, 307, 311, 319, 322, 325, 327, 329, 349, 350, 352, 354, 358, 359, 360, 362, 366, 367, 368, 369, 370, 374, 378, 404, 417, 451, 463, 474, 475, 476, 477, 478, 480, 500, 501, 503, 504, 506, 509, 512, 515, 516, 523, 524, 527, 528, 529, 533, 556, 557, 558, 559, 561, 562, 563, 564, 568, 570, 571, 575, 577, 579, 580, 581, 582, 583, 585, 586, 591, 593, 594, 597, 598, 600, 602, 603, 604, 605, 606, 609, 612, 615, 616, 618, 619, 620, 621, 623, 637, 640, 641, 642, 644, 645, 648, 649, 655, 657, 661, 665, 682, 725, 729, 730, 733, 734, 739, 740, 741, 744, 745, 747, 758, 760, 761, 763, 764, 765, 766, 770], "summary": {"covered_lines": 161, "num_statements": 205, "percent_covered": 78.53658536585365, "percent_covered_display": "79", "missing_lines": 44, "excluded_lines": 0, "percent_statements_covered": 78.53658536585365, "percent_statements_covered_display": "79"}, "missing_lines": [79, 93, 94, 117, 216, 217, 218, 219, 220, 232, 233, 248, 249, 252, 253, 256, 257, 259, 308, 391, 392, 393, 394, 401, 402, 414, 415, 433, 434, 437, 438, 441, 442, 444, 531, 566, 573, 588, 589, 599, 638, 679, 680, 726], "excluded_lines": [], "functions": {"BinaryLogit._negative_log_likelihood": {"executed_lines": [39, 40], "summary": {"covered_lines": 2, "num_statements": 2, "percent_covered": 100.0, "percent_covered_display": "100", "missing_lines": 0, "excluded_lines": 0, "percent_statements_covered": 100.0, "percent_statements_covered_display": "100"}, "missing_lines": [], "excluded_lines": [], "start_line": 22}, "BinaryLogit._compute_fisher_information": {"executed_lines": [59, 60, 61, 62, 63], "summary": {"covered_lines": 5, "num_statements": 5, "percent_covered": 100.0, "percent_covered_display": "100", "missing_lines": 0, "excluded_lines": 0, "percent_statements_covered": 100.0, "percent_statements_covered_display": "100"}, "missing_lines": [], "excluded_lines": [], "start_line": 45}, "BinaryLogit.predict_proba": {"executed_lines": [78, 80, 81], "summary": {"covered_lines": 3, "num_statements": 4, "percent_covered": 75.0, "percent_covered_display": "75", "missing_lines": 1, "excluded_lines": 0, "percent_statements_covered": 75.0, "percent_statements_covered_display": "75"}, "missing_lines": [79], "excluded_lines": [], "start_line": 65}, "BinaryLogit.simulate": {"executed_lines": [], "summary": {"covered_lines": 0, "num_statements": 2, "percent_covered": 0.0, "percent_covered_display": "0", "missing_lines": 2, "excluded_lines": 0, "percent_statements_covered": 0.0, "percent_statements_covered_display": "0"}, "missing_lines": [93, 94], "excluded_lines": [], "start_line": 83}, "BinaryLogit.counterfactual": {"executed_lines": [116, 120, 121, 124, 125, 127], "summary": {"covered_lines": 6, "num_statements": 7, "percent_covered": 85.71428571428571, "percent_covered_display": "86", "missing_lines": 1, "excluded_lines": 0, "percent_statements_covered": 85.71428571428571, "percent_statements_covered_display": "86"}, "missing_lines": [117], "excluded_lines": [], "start_line": 96}, "BinaryProbit._negative_log_likelihood": {"executed_lines": [170, 172], "summary": {"covered_lines": 2, "num_statements": 2, "percent_covered": 100.0, "percent_covered_display": "100", "missing_lines": 0, "excluded_lines": 0, "percent_statements_covered": 100.0, "percent_statements_covered_display": "100"}, "missing_lines": [], "excluded_lines": [], "start_line": 150}, "BinaryProbit._compute_fisher_information": {"executed_lines": [191, 192, 195, 200, 201], "summary": {"covered_lines": 5, "num_statements": 5, "percent_covered": 100.0, "percent_covered_display": "100", "missing_lines": 0, "excluded_lines": 0, "percent_statements_covered": 100.0, "percent_statements_covered_display": "100"}, "missing_lines": [], "excluded_lines": [], "start_line": 177}, "BinaryProbit.predict_proba": {"executed_lines": [], "summary": {"covered_lines": 0, "num_statements": 5, "percent_covered": 0.0, "percent_covered_display": "0", "missing_lines": 5, "excluded_lines": 0, "percent_statements_covered": 0.0, "percent_statements_covered_display": "0"}, "missing_lines": [216, 217, 218, 219, 220], "excluded_lines": [], "start_line": 203}, "BinaryProbit.simulate": {"executed_lines": [], "summary": {"covered_lines": 0, "num_statements": 2, "percent_covered": 0.0, "percent_covered_display": "0", "missing_lines": 2, "excluded_lines": 0, "percent_statements_covered": 0.0, "percent_statements_covered_display": "0"}, "missing_lines": [232, 233], "excluded_lines": [], "start_line": 222}, "BinaryProbit.counterfactual": {"executed_lines": [], "summary": {"covered_lines": 0, "num_statements": 7, "percent_covered": 0.0, "percent_covered_display": "0", "missing_lines": 7, "excluded_lines": 0, "percent_statements_covered": 0.0, "percent_statements_covered_display": "0"}, "missing_lines": [248, 249, 252, 253, 256, 257, 259], "excluded_lines": [], "start_line": 235}, "MultinomialLogit.fit": {"executed_lines": [302, 303, 306, 307, 311, 319, 322, 325, 327], "summary": {"covered_lines": 9, "num_statements": 10, "percent_covered": 90.0, "percent_covered_display": "90", "missing_lines": 1, "excluded_lines": 0, "percent_statements_covered": 90.0, "percent_statements_covered_display": "90"}, "missing_lines": [308], "excluded_lines": [], "start_line": 283}, "MultinomialLogit._negative_log_likelihood": {"executed_lines": [349, 350, 352, 354, 358, 359, 360], "summary": {"covered_lines": 7, "num_statements": 7, "percent_covered": 100.0, "percent_covered_display": "100", "missing_lines": 0, "excluded_lines": 0, "percent_statements_covered": 100.0, "percent_statements_covered_display": "100"}, "missing_lines": [], "excluded_lines": [], "start_line": 329}, "MultinomialLogit._compute_fisher_information": {"executed_lines": [366, 367, 368, 369, 370, 374], "summary": {"covered_lines": 6, "num_statements": 6, "percent_covered": 100.0, "percent_covered_display": "100", "missing_lines": 0, "excluded_lines": 0, "percent_statements_covered": 100.0, "percent_statements_covered_display": "100"}, "missing_lines": [], "excluded_lines": [], "start_line": 362}, "MultinomialLogit.predict_proba": {"executed_lines": [], "summary": {"covered_lines": 0, "num_statements": 6, "percent_covered": 0.0, "percent_covered_display": "0", "missing_lines": 6, "excluded_lines": 0, "percent_statements_covered": 0.0, "percent_statements_covered_display": "0"}, "missing_lines": [391, 392, 393, 394, 401, 402], "excluded_lines": [], "start_line": 378}, "MultinomialLogit.simulate": {"executed_lines": [], "summary": {"covered_lines": 0, "num_statements": 2, "percent_covered": 0.0, "percent_covered_display": "0", "missing_lines": 2, "excluded_lines": 0, "percent_statements_covered": 0.0, "percent_statements_covered_display": "0"}, "missing_lines": [414, 415], "excluded_lines": [], "start_line": 404}, "MultinomialLogit.counterfactual": {"executed_lines": [], "summary": {"covered_lines": 0, "num_statements": 7, "percent_covered": 0.0, "percent_covered_display": "0", "missing_lines": 7, "excluded_lines": 0, "percent_statements_covered": 0.0, "percent_statements_covered_display": "0"}, "missing_lines": [433, 434, 437, 438, 441, 442, 444], "excluded_lines": [], "start_line": 417}, "LowRankLogit.__init__": {"executed_lines": [474, 475, 476, 477, 478], "summary": {"covered_lines": 5, "num_statements": 5, "percent_covered": 100.0, "percent_covered_display": "100", "missing_lines": 0, "excluded_lines": 0, "percent_statements_covered": 100.0, "percent_statements_covered_display": "100"}, "missing_lines": [], "excluded_lines": [], "start_line": 463}, "LowRankLogit._negative_log_likelihood": {"executed_lines": [500, 501, 503, 504, 506, 509, 512, 515, 516, 523, 524, 527, 528, 529], "summary": {"covered_lines": 14, "num_statements": 15, "percent_covered": 93.33333333333333, "percent_covered_display": "93", "missing_lines": 1, "excluded_lines": 0, "percent_statements_covered": 93.33333333333333, "percent_statements_covered_display": "93"}, "missing_lines": [531], "excluded_lines": [], "start_line": 480}, "LowRankLogit.fit": {"executed_lines": [556, 557, 558, 559, 561, 562, 563, 564, 568, 570, 571, 575, 577, 579, 585, 586, 591, 593, 594, 597, 598, 600, 602, 603, 604, 605, 606, 609, 612, 615, 616, 618, 619, 620, 621], "summary": {"covered_lines": 35, "num_statements": 40, "percent_covered": 87.5, "percent_covered_display": "88", "missing_lines": 5, "excluded_lines": 0, "percent_statements_covered": 87.5, "percent_statements_covered_display": "88"}, "missing_lines": [566, 573, 588, 589, 599], "excluded_lines": [], "start_line": 533}, "LowRankLogit.fit.closure": {"executed_lines": [580, 581, 582, 583], "summary": {"covered_lines": 4, "num_statements": 4, "percent_covered": 100.0, "percent_covered_display": "100", "missing_lines": 0, "excluded_lines": 0, "percent_statements_covered": 100.0, "percent_statements_covered_display": "100"}, "missing_lines": [], "excluded_lines": [], "start_line": 579}, "LowRankLogit.predict_proba": {"executed_lines": [637, 640, 641, 642, 644, 645, 648, 649, 655], "summary": {"covered_lines": 9, "num_statements": 10, "percent_covered": 90.0, "percent_covered_display": "90", "missing_lines": 1, "excluded_lines": 0, "percent_statements_covered": 90.0, "percent_statements_covered_display": "90"}, "missing_lines": [638], "excluded_lines": [], "start_line": 623}, "LowRankLogit._compute_fisher_information": {"executed_lines": [661], "summary": {"covered_lines": 1, "num_statements": 1, "percent_covered": 100.0, "percent_covered_display": "100", "missing_lines": 0, "excluded_lines": 0, "percent_statements_covered": 100.0, "percent_statements_covered_display": "100"}, "missing_lines": [], "excluded_lines": [], "start_line": 657}, "LowRankLogit.simulate": {"executed_lines": [], "summary": {"covered_lines": 0, "num_statements": 2, "percent_covered": 0.0, "percent_covered_display": "0", "missing_lines": 2, "excluded_lines": 0, "percent_statements_covered": 0.0, "percent_statements_covered_display": "0"}, "missing_lines": [679, 680], "excluded_lines": [], "start_line": 665}, "LowRankLogit.counterfactual": {"executed_lines": [725, 729, 730, 733, 734, 739, 740, 741, 744, 745, 747, 758, 760, 761, 763, 764, 765, 766, 770], "summary": {"covered_lines": 19, "num_statements": 20, "percent_covered": 95.0, "percent_covered_display": "95", "missing_lines": 1, "excluded_lines": 0, "percent_statements_covered": 95.0, "percent_statements_covered_display": "95"}, "missing_lines": [726], "excluded_lines": [], "start_line": 682}, "": {"executed_lines": [1, 3, 6, 22, 45, 65, 83, 96, 134, 150, 177, 203, 222, 235, 266, 283, 329, 362, 378, 404, 417, 451, 463, 480, 533, 623, 657, 665, 682], "summary": {"covered_lines": 29, "num_statements": 29, "percent_covered": 100.0, "percent_covered_display": "100", "missing_lines": 0, "excluded_lines": 0, "percent_statements_covered": 100.0, "percent_statements_covered_display": "100"}, "missing_lines": [], "excluded_lines": [], "start_line": 1}}, "classes": {"BinaryLogit": {"executed_lines": [39, 40, 59, 60, 61, 62, 63, 78, 80, 81, 116, 120, 121, 124, 125, 127], "summary": {"covered_lines": 16, "num_statements": 20, "percent_covered": 80.0, "percent_covered_display": "80", "missing_lines": 4, "excluded_lines": 0, "percent_statements_covered": 80.0, "percent_statements_covered_display": "80"}, "missing_lines": [79, 93, 94, 117], "excluded_lines": [], "start_line": 6}, "BinaryProbit": {"executed_lines": [170, 172, 191, 192, 195, 200, 201], "summary": {"covered_lines": 7, "num_statements": 21, "percent_covered": 33.333333333333336, "percent_covered_display": "33", "missing_lines": 14, "excluded_lines": 0, "percent_statements_covered": 33.333333333333336, "percent_statements_covered_display": "33"}, "missing_lines": [216, 217, 218, 219, 220, 232, 233, 248, 249, 252, 253, 256, 257, 259], "excluded_lines": [], "start_line": 134}, "MultinomialLogit": {"executed_lines": [302, 303, 306, 307, 311, 319, 322, 325, 327, 349, 350, 352, 354, 358, 359, 360, 366, 367, 368, 369, 370, 374], "summary": {"covered_lines": 22, "num_statements": 38, "percent_covered": 57.89473684210526, "percent_covered_display": "58", "missing_lines": 16, "excluded_lines": 0, "percent_statements_covered": 57.89473684210526, "percent_statements_covered_display": "58"}, "missing_lines": [308, 391, 392, 393, 394, 401, 402, 414, 415, 433, 434, 437, 438, 441, 442, 444], "excluded_lines": [], "start_line": 266}, "LowRankLogit": {"executed_lines": [474, 475, 476, 477, 478, 500, 501, 503, 504, 506, 509, 512, 515, 516, 523, 524, 527, 528, 529, 556, 557, 558, 559, 561, 562, 563, 564, 568, 570, 571, 575, 577, 579, 580, 581, 582, 583, 585, 586, 591, 593, 594, 597, 598, 600, 602, 603, 604, 605, 606, 609, 612, 615, 616, 618, 619, 620, 621, 637, 640, 641, 642, 644, 645, 648, 649, 655, 661, 725, 729, 730, 733, 734, 739, 740, 741, 744, 745, 747, 758, 760, 761, 763, 764, 765, 766, 770], "summary": {"covered_lines": 87, "num_statements": 97, "percent_covered": 89.69072164948453, "percent_covered_display": "90", "missing_lines": 10, "excluded_lines": 0, "percent_statements_covered": 89.69072164948453, "percent_statements_covered_display": "90"}, "missing_lines": [531, 566, 573, 588, 589, 599, 638, 679, 680, 726], "excluded_lines": [], "start_line": 451}, "": {"executed_lines": [1, 3, 6, 22, 45, 65, 83, 96, 134, 150, 177, 203, 222, 235, 266, 283, 329, 362, 378, 404, 417, 451, 463, 480, 533, 623, 657, 665, 682], "summary": {"covered_lines": 29, "num_statements": 29, "percent_covered": 100.0, "percent_covered_display": "100", "missing_lines": 0, "excluded_lines": 0, "percent_statements_covered": 100.0, "percent_statements_covered_display": "100"}, "missing_lines": [], "excluded_lines": [], "start_line": 1}}}, "trex/choice/transitions.py": {"executed_lines": [13, 14, 15, 18, 64, 66, 67, 68, 69, 70, 71, 74, 77, 78, 91, 124, 126, 127, 128, 129, 130, 131, 133, 135, 138, 139, 141, 142, 147, 159, 173, 174, 175, 176, 177, 183, 184, 185, 187, 197], "summary": {"covered_lines": 40, "num_statements": 48, "percent_covered": 83.33333333333333, "percent_covered_display": "83", "missing_lines": 8, "excluded_lines": 0, "percent_statements_covered": 83.33333333333333, "percent_statements_covered_display": "83"}, "missing_lines": [79, 81, 82, 84, 86, 134, 136, 144], "excluded_lines": [], "functions": {"estimate_transition_matrix": {"executed_lines": [64, 66, 67, 68, 69, 70, 71, 74, 77, 78], "summary": {"covered_lines": 10, "num_statements": 15, "percent_covered": 66.66666666666667, "percent_covered_display": "67", "missing_lines": 5, "excluded_lines": 0, "percent_statements_covered": 66.66666666666667, "percent_statements_covered_display": "67"}, "missing_lines": [79, 81, 82, 84, 86], "excluded_lines": [], "start_line": 18}, "discretize_state": {"executed_lines": [124, 126, 127, 128, 129, 130, 131, 133, 135, 138, 139, 141, 142], "summary": {"covered_lines": 13, "num_statements": 16, "percent_covered": 81.25, "percent_covered_display": "81", "missing_lines": 3, "excluded_lines": 0, "percent_statements_covered": 81.25, "percent_statements_covered_display": "81"}, "missing_lines": [134, 136, 144], "excluded_lines": [], "start_line": 91}, "DeepValueFunction.__init__": {"executed_lines": [173, 174, 175, 176, 177, 183, 184, 185], "summary": {"covered_lines": 8, "num_statements": 8, "percent_covered": 100.0, "percent_covered_display": "100", "missing_lines": 0, "excluded_lines": 0, "percent_statements_covered": 100.0, "percent_statements_covered_display": "100"}, "missing_lines": [], "excluded_lines": [], "start_line": 159}, "DeepValueFunction.forward": {"executed_lines": [197], "summary": {"covered_lines": 1, "num_statements": 1, "percent_covered": 100.0, "percent_covered_display": "100", "missing_lines": 0, "excluded_lines": 0, "percent_statements_covered": 100.0, "percent_statements_covered_display": "100"}, "missing_lines": [], "excluded_lines": [], "start_line": 187}, "": {"executed_lines": [13, 14, 15, 18, 91, 147, 159, 187], "summary": {"covered_lines": 8, "num_statements": 8, "percent_covered": 100.0, "percent_covered_display": "100", "missing_lines": 0, "excluded_lines": 0, "percent_statements_covered": 100.0, "percent_statements_covered_display": "100"}, "missing_lines": [], "excluded_lines": [], "start_line": 1}}, "classes": {"DeepValueFunction": {"executed_lines": [173, 174, 175, 176, 177, 183, 184, 185, 197], "summary": {"covered_lines": 9, "num_statements": 9, "percent_covered": 100.0, "percent_covered_display": "100", "missing_lines": 0, "excluded_lines": 0, "percent_statements_covered": 100.0, "percent_statements_covered_display": "100"}, "missing_lines": [], "excluded_lines": [], "start_line": 147}, "": {"executed_lines": [13, 14, 15, 18, 64, 66, 67, 68, 69, 70, 71, 74, 77, 78, 91, 124, 126, 127, 128, 129, 130, 131, 133, 135, 138, 139, 141, 142, 147, 159, 187], "summary": {"covered_lines": 31, "num_statements": 39, "percent_covered": 79.48717948717949, "percent_covered_display": "79", "missing_lines": 8, "excluded_lines": 0, "percent_statements_covered": 79.48717948717949, "percent_statements_covered_display": "79"}, "missing_lines": [79, 81, 82, 84, 86, 134, 136, 144], "excluded_lines": [], "start_line": 1}}}, "trex/cmr.py": {"executed_lines": [9, 10, 12, 14, 15, 17, 20, 21, 23, 25, 28, 37, 38, 39, 42, 49, 50, 51, 52, 53, 54, 55, 58, 68, 69, 70, 72, 73, 75, 76, 78, 79, 82, 91, 92, 93, 94, 95, 96, 97, 98, 99, 100, 103, 113, 114, 115, 116, 117, 120, 133, 136, 137, 138, 139, 140, 142, 143, 144, 145, 146, 147, 148, 149, 150, 151, 152, 158, 161, 180, 191, 192, 193, 194, 195, 196, 197, 198, 199, 200, 202, 208, 209, 210, 211, 213, 215, 223, 227, 228, 230, 235, 236, 239, 240, 241, 242, 244, 245, 246, 247, 248, 250, 251, 252, 253, 268, 271, 277, 285, 292, 293, 294, 296, 299, 300, 302, 303, 304, 306, 307, 308, 309, 310, 314, 317, 327, 337, 338, 339, 340, 341, 342, 343, 344, 345, 347, 348, 349, 350, 351, 353, 356, 357, 358, 359, 365, 366, 367, 368, 369, 371, 372, 373, 374, 376, 377, 378, 379, 380, 383, 388, 391], "summary": {"covered_lines": 163, "num_statements": 186, "percent_covered": 87.63440860215054, "percent_covered_display": "88", "missing_lines": 23, "excluded_lines": 0, "percent_statements_covered": 87.63440860215054, "percent_statements_covered_display": "88"}, "missing_lines": [22, 24, 134, 154, 155, 156, 212, 219, 220, 221, 237, 255, 260, 261, 262, 263, 264, 265, 266, 269, 272, 273, 274], "excluded_lines": [], "functions": {"_as_2d": {"executed_lines": [21, 23, 25], "summary": {"covered_lines": 3, "num_statements": 5, "percent_covered": 60.0, "percent_covered_display": "60", "missing_lines": 2, "excluded_lines": 0, "percent_statements_covered": 60.0, "percent_statements_covered_display": "60"}, "missing_lines": [22, 24], "excluded_lines": [], "start_line": 20}, "squared_distance": {"executed_lines": [37, 38, 39], "summary": {"covered_lines": 3, "num_statements": 3, "percent_covered": 100.0, "percent_covered_display": "100", "missing_lines": 0, "excluded_lines": 0, "percent_statements_covered": 100.0, "percent_statements_covered_display": "100"}, "missing_lines": [], "excluded_lines": [], "start_line": 28}, "median_bandwidth": {"executed_lines": [49, 50, 51, 52, 53, 54, 55], "summary": {"covered_lines": 7, "num_statements": 7, "percent_covered": 100.0, "percent_covered_display": "100", "missing_lines": 0, "excluded_lines": 0, "percent_statements_covered": 100.0, "percent_statements_covered_display": "100"}, "missing_lines": [], "excluded_lines": [], "start_line": 42}, "rbf_kernel": {"executed_lines": [68, 69, 70, 72, 73, 75, 76, 78, 79], "summary": {"covered_lines": 9, "num_statements": 9, "percent_covered": 100.0, "percent_covered_display": "100", "missing_lines": 0, "excluded_lines": 0, "percent_statements_covered": 100.0, "percent_statements_covered_display": "100"}, "missing_lines": [], "excluded_lines": [], "start_line": 58}, "hsic": {"executed_lines": [91, 92, 93, 94, 95, 96, 97, 98, 99, 100], "summary": {"covered_lines": 10, "num_statements": 10, "percent_covered": 100.0, "percent_covered_display": "100", "missing_lines": 0, "excluded_lines": 0, "percent_statements_covered": 100.0, "percent_statements_covered_display": "100"}, "missing_lines": [], "excluded_lines": [], "start_line": 82}, "mmr_loss": {"executed_lines": [113, 114, 115, 116, 117], "summary": {"covered_lines": 5, "num_statements": 5, "percent_covered": 100.0, "percent_covered_display": "100", "missing_lines": 0, "excluded_lines": 0, "percent_statements_covered": 100.0, "percent_statements_covered_display": "100"}, "missing_lines": [], "excluded_lines": [], "start_line": 103}, "polynomial_sieve": {"executed_lines": [133, 136, 137, 138, 139, 140, 142, 143, 144, 145, 146, 147, 148, 149, 150, 151, 152, 158], "summary": {"covered_lines": 18, "num_statements": 22, "percent_covered": 81.81818181818181, "percent_covered_display": "82", "missing_lines": 4, "excluded_lines": 0, "percent_statements_covered": 81.81818181818181, "percent_statements_covered_display": "82"}, "missing_lines": [134, 154, 155, 156], "excluded_lines": [], "start_line": 120}, "ConditionalMomentEstimator.__init__": {"executed_lines": [191, 192, 193, 194, 195, 196, 197, 198, 199, 200], "summary": {"covered_lines": 10, "num_statements": 10, "percent_covered": 100.0, "percent_covered_display": "100", "missing_lines": 0, "excluded_lines": 0, "percent_statements_covered": 100.0, "percent_statements_covered_display": "100"}, "missing_lines": [], "excluded_lines": [], "start_line": 180}, "ConditionalMomentEstimator._prepare_inputs": {"executed_lines": [208, 209, 210, 211, 213], "summary": {"covered_lines": 5, "num_statements": 6, "percent_covered": 83.33333333333333, "percent_covered_display": "83", "missing_lines": 1, "excluded_lines": 0, "percent_statements_covered": 83.33333333333333, "percent_statements_covered_display": "83"}, "missing_lines": [212], "excluded_lines": [], "start_line": 202}, "ConditionalMomentEstimator.moments": {"executed_lines": [], "summary": {"covered_lines": 0, "num_statements": 3, "percent_covered": 0.0, "percent_covered_display": "0", "missing_lines": 3, "excluded_lines": 0, "percent_statements_covered": 0.0, "percent_statements_covered_display": "0"}, "missing_lines": [219, 220, 221], "excluded_lines": [], "start_line": 215}, "ConditionalMomentEstimator.predict": {"executed_lines": [227, 228], "summary": {"covered_lines": 2, "num_statements": 2, "percent_covered": 100.0, "percent_covered_display": "100", "missing_lines": 0, "excluded_lines": 0, "percent_statements_covered": 100.0, "percent_statements_covered_display": "100"}, "missing_lines": [], "excluded_lines": [], "start_line": 223}, "ConditionalMomentEstimator._fit_objective": {"executed_lines": [235, 236, 239, 240, 241, 242, 244, 250, 251, 252, 253, 268], "summary": {"covered_lines": 12, "num_statements": 22, "percent_covered": 54.54545454545455, "percent_covered_display": "55", "missing_lines": 10, "excluded_lines": 0, "percent_statements_covered": 54.54545454545455, "percent_statements_covered_display": "55"}, "missing_lines": [237, 255, 260, 261, 262, 263, 264, 265, 266, 269], "excluded_lines": [], "start_line": 230}, "ConditionalMomentEstimator._fit_objective.closure": {"executed_lines": [245, 246, 247, 248], "summary": {"covered_lines": 4, "num_statements": 4, "percent_covered": 100.0, "percent_covered_display": "100", "missing_lines": 0, "excluded_lines": 0, "percent_statements_covered": 100.0, "percent_statements_covered_display": "100"}, "missing_lines": [], "excluded_lines": [], "start_line": 244}, "ConditionalMomentEstimator.to": {"executed_lines": [], "summary": {"covered_lines": 0, "num_statements": 3, "percent_covered": 0.0, "percent_covered_display": "0", "missing_lines": 3, "excluded_lines": 0, "percent_statements_covered": 0.0, "percent_statements_covered_display": "0"}, "missing_lines": [272, 273, 274], "excluded_lines": [], "start_line": 271}, "MaximumMomentRestriction.__init__": {"executed_lines": [292, 293, 294], "summary": {"covered_lines": 3, "num_statements": 3, "percent_covered": 100.0, "percent_covered_display": "100", "missing_lines": 0, "excluded_lines": 0, "percent_statements_covered": 100.0, "percent_statements_covered_display": "100"}, "missing_lines": [], "excluded_lines": [], "start_line": 285}, "MaximumMomentRestriction.fit": {"executed_lines": [299, 300, 302, 306, 307, 308, 309, 310, 314], "summary": {"covered_lines": 9, "num_statements": 9, "percent_covered": 100.0, "percent_covered_display": "100", "missing_lines": 0, "excluded_lines": 0, "percent_statements_covered": 100.0, "percent_statements_covered_display": "100"}, "missing_lines": [], "excluded_lines": [], "start_line": 296}, "MaximumMomentRestriction.fit.objective": {"executed_lines": [303, 304], "summary": {"covered_lines": 2, "num_statements": 2, "percent_covered": 100.0, "percent_covered_display": "100", "missing_lines": 0, "excluded_lines": 0, "percent_statements_covered": 100.0, "percent_statements_covered_display": "100"}, "missing_lines": [], "excluded_lines": [], "start_line": 302}, "SieveMinimumDistance.__init__": {"executed_lines": [337, 338, 339, 340, 341, 342, 343, 344, 345], "summary": {"covered_lines": 9, "num_statements": 9, "percent_covered": 100.0, "percent_covered_display": "100", "missing_lines": 0, "excluded_lines": 0, "percent_statements_covered": 100.0, "percent_statements_covered_display": "100"}, "missing_lines": [], "excluded_lines": [], "start_line": 327}, "SieveMinimumDistance._standardize_z": {"executed_lines": [348, 349, 350, 351], "summary": {"covered_lines": 4, "num_statements": 4, "percent_covered": 100.0, "percent_covered_display": "100", "missing_lines": 0, "excluded_lines": 0, "percent_statements_covered": 100.0, "percent_statements_covered_display": "100"}, "missing_lines": [], "excluded_lines": [], "start_line": 347}, "SieveMinimumDistance.fit": {"executed_lines": [356, 357, 358, 359, 365, 366, 367, 368, 369, 371, 376, 377, 378, 379, 380, 383, 388], "summary": {"covered_lines": 17, "num_statements": 17, "percent_covered": 100.0, "percent_covered_display": "100", "missing_lines": 0, "excluded_lines": 0, "percent_statements_covered": 100.0, "percent_statements_covered_display": "100"}, "missing_lines": [], "excluded_lines": [], "start_line": 353}, "SieveMinimumDistance.fit.objective": {"executed_lines": [372, 373, 374], "summary": {"covered_lines": 3, "num_statements": 3, "percent_covered": 100.0, "percent_covered_display": "100", "missing_lines": 0, "excluded_lines": 0, "percent_statements_covered": 100.0, "percent_statements_covered_display": "100"}, "missing_lines": [], "excluded_lines": [], "start_line": 371}, "": {"executed_lines": [9, 10, 12, 14, 15, 17, 20, 28, 42, 58, 82, 103, 120, 161, 180, 202, 215, 223, 230, 271, 277, 285, 296, 317, 327, 347, 353, 391], "summary": {"covered_lines": 28, "num_statements": 28, "percent_covered": 100.0, "percent_covered_display": "100", "missing_lines": 0, "excluded_lines": 0, "percent_statements_covered": 100.0, "percent_statements_covered_display": "100"}, "missing_lines": [], "excluded_lines": [], "start_line": 1}}, "classes": {"ConditionalMomentEstimator": {"executed_lines": [191, 192, 193, 194, 195, 196, 197, 198, 199, 200, 208, 209, 210, 211, 213, 227, 228, 235, 236, 239, 240, 241, 242, 244, 245, 246, 247, 248, 250, 251, 252, 253, 268], "summary": {"covered_lines": 33, "num_statements": 50, "percent_covered": 66.0, "percent_covered_display": "66", "missing_lines": 17, "excluded_lines": 0, "percent_statements_covered": 66.0, "percent_statements_covered_display": "66"}, "missing_lines": [212, 219, 220, 221, 237, 255, 260, 261, 262, 263, 264, 265, 266, 269, 272, 273, 274], "excluded_lines": [], "start_line": 161}, "MaximumMomentRestriction": {"executed_lines": [292, 293, 294, 299, 300, 302, 303, 304, 306, 307, 308, 309, 310, 314], "summary": {"covered_lines": 14, "num_statements": 14, "percent_covered": 100.0, "percent_covered_display": "100", "missing_lines": 0, "excluded_lines": 0, "percent_statements_covered": 100.0, "percent_statements_covered_display": "100"}, "missing_lines": [], "excluded_lines": [], "start_line": 277}, "SieveMinimumDistance": {"executed_lines": [337, 338, 339, 340, 341, 342, 343, 344, 345, 348, 349, 350, 351, 356, 357, 358, 359, 365, 366, 367, 368, 369, 371, 372, 373, 374, 376, 377, 378, 379, 380, 383, 388], "summary": {"covered_lines": 33, "num_statements": 33, "percent_covered": 100.0, "percent_covered_display": "100", "missing_lines": 0, "excluded_lines": 0, "percent_statements_covered": 100.0, "percent_statements_covered_display": "100"}, "missing_lines": [], "excluded_lines": [], "start_line": 317}, "": {"executed_lines": [9, 10, 12, 14, 15, 17, 20, 21, 23, 25, 28, 37, 38, 39, 42, 49, 50, 51, 52, 53, 54, 55, 58, 68, 69, 70, 72, 73, 75, 76, 78, 79, 82, 91, 92, 93, 94, 95, 96, 97, 98, 99, 100, 103, 113, 114, 115, 116, 117, 120, 133, 136, 137, 138, 139, 140, 142, 143, 144, 145, 146, 147, 148, 149, 150, 151, 152, 158, 161, 180, 202, 215, 223, 230, 271, 277, 285, 296, 317, 327, 347, 353, 391], "summary": {"covered_lines": 83, "num_statements": 89, "percent_covered": 93.25842696629213, "percent_covered_display": "93", "missing_lines": 6, "excluded_lines": 0, "percent_statements_covered": 93.25842696629213, "percent_statements_covered_display": "93"}, "missing_lines": [22, 24, 134, 154, 155, 156], "excluded_lines": [], "start_line": 1}}}, "trex/demean.py": {"executed_lines": [3, 5, 6, 9, 11, 13, 14, 15, 16, 17, 18, 19, 22, 24, 25, 27, 28, 30, 33, 47, 48, 49, 50, 52, 53, 54, 55, 57, 59, 64, 66, 67, 68, 69, 72, 73, 74, 75, 76, 77, 78, 79, 80, 81, 85, 91, 92, 94, 95, 96, 97, 99, 100, 104], "summary": {"covered_lines": 54, "num_statements": 70, "percent_covered": 77.14285714285714, "percent_covered_display": "77", "missing_lines": 16, "excluded_lines": 0, "percent_statements_covered": 77.14285714285714, "percent_statements_covered_display": "77"}, "missing_lines": [12, 20, 26, 29, 51, 56, 58, 65, 82, 98, 107, 108, 111, 112, 113, 117], "excluded_lines": [], "functions": {"prepare_fixed_effects": {"executed_lines": [11, 13, 14, 15, 16, 17, 18, 19, 22, 24, 25, 27, 28, 30], "summary": {"covered_lines": 14, "num_statements": 18, "percent_covered": 77.77777777777777, "percent_covered_display": "78", "missing_lines": 4, "excluded_lines": 0, "percent_statements_covered": 77.77777777777777, "percent_statements_covered_display": "78"}, "missing_lines": [12, 20, 26, 29], "excluded_lines": [], "start_line": 9}, "demean_torch": {"executed_lines": [47, 48, 49, 50, 52, 53, 54, 55, 57, 59, 64, 66, 67, 68, 69, 72, 73, 74, 75, 76, 77, 78, 79, 80, 81], "summary": {"covered_lines": 25, "num_statements": 30, "percent_covered": 83.33333333333333, "percent_covered_display": "83", "missing_lines": 5, "excluded_lines": 0, "percent_statements_covered": 83.33333333333333, "percent_statements_covered_display": "83"}, "missing_lines": [51, 56, 58, 65, 82], "excluded_lines": [], "start_line": 33}, "fixed_effect_rank": {"executed_lines": [91, 92, 94, 95, 96, 97, 99, 100, 104], "summary": {"covered_lines": 9, "num_statements": 16, "percent_covered": 56.25, "percent_covered_display": "56", "missing_lines": 7, "excluded_lines": 0, "percent_statements_covered": 56.25, "percent_statements_covered_display": "56"}, "missing_lines": [98, 107, 108, 111, 112, 113, 117], "excluded_lines": [], "start_line": 85}, "": {"executed_lines": [3, 5, 6, 9, 33, 85], "summary": {"covered_lines": 6, "num_statements": 6, "percent_covered": 100.0, "percent_covered_display": "100", "missing_lines": 0, "excluded_lines": 0, "percent_statements_covered": 100.0, "percent_statements_covered_display": "100"}, "missing_lines": [], "excluded_lines": [], "start_line": 1}}, "classes": {"": {"executed_lines": [3, 5, 6, 9, 11, 13, 14, 15, 16, 17, 18, 19, 22, 24, 25, 27, 28, 30, 33, 47, 48, 49, 50, 52, 53, 54, 55, 57, 59, 64, 66, 67, 68, 69, 72, 73, 74, 75, 76, 77, 78, 79, 80, 81, 85, 91, 92, 94, 95, 96, 97, 99, 100, 104], "summary": {"covered_lines": 54, "num_statements": 70, "percent_covered": 77.14285714285714, "percent_covered_display": "77", "missing_lines": 16, "excluded_lines": 0, "percent_statements_covered": 77.14285714285714, "percent_statements_covered_display": "77"}, "missing_lines": [12, 20, 26, 29, 51, 56, 58, 65, 82, 98, 107, 108, 111, 112, 113, 117], "excluded_lines": [], "start_line": 1}}}, "trex/gmm/__init__.py": {"executed_lines": [8, 9, 11], "summary": {"covered_lines": 3, "num_statements": 3, "percent_covered": 100.0, "percent_covered_display": "100", "missing_lines": 0, "excluded_lines": 0, "percent_statements_covered": 100.0, "percent_statements_covered_display": "100"}, "missing_lines": [], "excluded_lines": [], "functions": {"": {"executed_lines": [8, 9, 11], "summary": {"covered_lines": 3, "num_statements": 3, "percent_covered": 100.0, "percent_covered_display": "100", "missing_lines": 0, "excluded_lines": 0, "percent_statements_covered": 100.0, "percent_statements_covered_display": "100"}, "missing_lines": [], "excluded_lines": [], "start_line": 1}}, "classes": {"": {"executed_lines": [8, 9, 11], "summary": {"covered_lines": 3, "num_statements": 3, "percent_covered": 100.0, "percent_covered_display": "100", "missing_lines": 0, "excluded_lines": 0, "percent_statements_covered": 100.0, "percent_statements_covered_display": "100"}, "missing_lines": [], "excluded_lines": [], "start_line": 1}}}, "trex/gmm/gel.py": {"executed_lines": [8, 9, 10, 11, 12, 16, 18, 21, 23, 26, 30, 31, 34, 54, 62, 63, 64, 65, 66, 67, 68, 69, 70, 71, 72, 73, 75, 77, 84, 85, 86, 95, 96, 105, 106, 107, 108, 112, 114, 116, 117, 120, 129, 130, 132, 135, 136, 139, 142, 143, 145, 173, 179, 180, 182, 183, 184, 185, 186, 187, 188, 189, 190, 191, 192, 193, 194, 195, 196, 197, 198, 199, 200, 201, 205, 206, 212, 213, 215, 216, 217, 219, 220, 221, 223, 233, 235, 236, 237, 238, 239, 240, 244, 246, 247, 248, 249, 250, 251, 255, 257, 258, 259, 264, 266, 267, 268, 269, 271, 272, 274, 276, 277, 278, 280, 282, 283, 284, 287, 290, 293, 294], "summary": {"covered_lines": 122, "num_statements": 151, "percent_covered": 80.79470198675497, "percent_covered_display": "81", "missing_lines": 29, "excluded_lines": 0, "percent_statements_covered": 80.79470198675497, "percent_statements_covered_display": "81"}, "missing_lines": [94, 102, 109, 113, 131, 147, 148, 150, 152, 153, 155, 156, 157, 159, 171, 176, 177, 207, 209, 210, 226, 227, 228, 229, 230, 231, 242, 253, 270], "excluded_lines": [], "functions": {"rho_exponential": {"executed_lines": [18], "summary": {"covered_lines": 1, "num_statements": 1, "percent_covered": 100.0, "percent_covered_display": "100", "missing_lines": 0, "excluded_lines": 0, "percent_statements_covered": 100.0, "percent_statements_covered_display": "100"}, "missing_lines": [], "excluded_lines": [], "start_line": 16}, "rho_cue": {"executed_lines": [23], "summary": {"covered_lines": 1, "num_statements": 1, "percent_covered": 100.0, "percent_covered_display": "100", "missing_lines": 0, "excluded_lines": 0, "percent_statements_covered": 100.0, "percent_statements_covered_display": "100"}, "missing_lines": [], "excluded_lines": [], "start_line": 21}, "rho_el": {"executed_lines": [30, 31], "summary": {"covered_lines": 2, "num_statements": 2, "percent_covered": 100.0, "percent_covered_display": "100", "missing_lines": 0, "excluded_lines": 0, "percent_statements_covered": 100.0, "percent_statements_covered_display": "100"}, "missing_lines": [], "excluded_lines": [], "start_line": 26}, "GELEstimator.__init__": {"executed_lines": [62, 63, 64, 65, 66, 67, 68, 69, 70, 71, 72, 73, 75], "summary": {"covered_lines": 13, "num_statements": 13, "percent_covered": 100.0, "percent_covered_display": "100", "missing_lines": 0, "excluded_lines": 0, "percent_statements_covered": 100.0, "percent_statements_covered_display": "100"}, "missing_lines": [], "excluded_lines": [], "start_line": 54}, "GELEstimator.fit": {"executed_lines": [84, 85, 86, 95, 96, 105, 106, 107, 108, 112, 114, 116, 117, 120, 129, 130, 132, 135, 136, 139, 142, 143], "summary": {"covered_lines": 22, "num_statements": 27, "percent_covered": 81.48148148148148, "percent_covered_display": "81", "missing_lines": 5, "excluded_lines": 0, "percent_statements_covered": 81.48148148148148, "percent_statements_covered_display": "81"}, "missing_lines": [94, 102, 109, 113, 131], "excluded_lines": [], "start_line": 77}, "GELEstimator.summary": {"executed_lines": [], "summary": {"covered_lines": 0, "num_statements": 10, "percent_covered": 0.0, "percent_covered_display": "0", "missing_lines": 10, "excluded_lines": 0, "percent_statements_covered": 0.0, "percent_statements_covered_display": "0"}, "missing_lines": [147, 148, 150, 152, 153, 155, 156, 157, 159, 171], "excluded_lines": [], "start_line": 145}, "GELEstimator._outer_maximisation": {"executed_lines": [], "summary": {"covered_lines": 0, "num_statements": 2, "percent_covered": 0.0, "percent_covered_display": "0", "missing_lines": 2, "excluded_lines": 0, "percent_statements_covered": 0.0, "percent_statements_covered_display": "0"}, "missing_lines": [176, 177], "excluded_lines": [], "start_line": 173}, "GELEstimator._solve_inner": {"executed_lines": [180, 182, 183, 184, 185, 186, 187, 188, 189, 190, 191, 192, 193, 194, 195, 196, 197, 198, 199, 200, 201, 205, 206], "summary": {"covered_lines": 23, "num_statements": 26, "percent_covered": 88.46153846153847, "percent_covered_display": "88", "missing_lines": 3, "excluded_lines": 0, "percent_statements_covered": 88.46153846153847, "percent_statements_covered_display": "88"}, "missing_lines": [207, 209, 210], "excluded_lines": [], "start_line": 179}, "GELEstimator._profile_value_gradient": {"executed_lines": [213, 215, 216, 217, 219, 220, 221], "summary": {"covered_lines": 7, "num_statements": 7, "percent_covered": 100.0, "percent_covered_display": "100", "missing_lines": 0, "excluded_lines": 0, "percent_statements_covered": 100.0, "percent_statements_covered_display": "100"}, "missing_lines": [], "excluded_lines": [], "start_line": 212}, "GELEstimator._inner_minimisation": {"executed_lines": [], "summary": {"covered_lines": 0, "num_statements": 6, "percent_covered": 0.0, "percent_covered_display": "0", "missing_lines": 6, "excluded_lines": 0, "percent_statements_covered": 0.0, "percent_statements_covered_display": "0"}, "missing_lines": [226, 227, 228, 229, 230, 231], "excluded_lines": [], "start_line": 223}, "GELEstimator._get_rho_derivative": {"executed_lines": [235, 236, 237, 238, 239, 240], "summary": {"covered_lines": 6, "num_statements": 7, "percent_covered": 85.71428571428571, "percent_covered_display": "86", "missing_lines": 1, "excluded_lines": 0, "percent_statements_covered": 85.71428571428571, "percent_statements_covered_display": "86"}, "missing_lines": [242], "excluded_lines": [], "start_line": 233}, "GELEstimator._get_rho_second_derivative": {"executed_lines": [246, 247, 248, 249, 250, 251], "summary": {"covered_lines": 6, "num_statements": 7, "percent_covered": 85.71428571428571, "percent_covered_display": "86", "missing_lines": 1, "excluded_lines": 0, "percent_statements_covered": 85.71428571428571, "percent_statements_covered_display": "86"}, "missing_lines": [253], "excluded_lines": [], "start_line": 244}, "GELEstimator._compute_asymptotic_covariance": {"executed_lines": [257, 258, 259, 264, 266, 267, 268, 269, 271, 272], "summary": {"covered_lines": 10, "num_statements": 11, "percent_covered": 90.9090909090909, "percent_covered_display": "91", "missing_lines": 1, "excluded_lines": 0, "percent_statements_covered": 90.9090909090909, "percent_statements_covered_display": "91"}, "missing_lines": [270], "excluded_lines": [], "start_line": 255}, "GELEstimator._compute_j_test": {"executed_lines": [276, 277, 278, 280, 282, 283, 284, 287, 290, 293, 294], "summary": {"covered_lines": 11, "num_statements": 11, "percent_covered": 100.0, "percent_covered_display": "100", "missing_lines": 0, "excluded_lines": 0, "percent_statements_covered": 100.0, "percent_statements_covered_display": "100"}, "missing_lines": [], "excluded_lines": [], "start_line": 274}, "": {"executed_lines": [8, 9, 10, 11, 12, 16, 21, 26, 34, 54, 77, 145, 173, 179, 212, 223, 233, 244, 255, 274], "summary": {"covered_lines": 20, "num_statements": 20, "percent_covered": 100.0, "percent_covered_display": "100", "missing_lines": 0, "excluded_lines": 0, "percent_statements_covered": 100.0, "percent_statements_covered_display": "100"}, "missing_lines": [], "excluded_lines": [], "start_line": 1}}, "classes": {"GELEstimator": {"executed_lines": [62, 63, 64, 65, 66, 67, 68, 69, 70, 71, 72, 73, 75, 84, 85, 86, 95, 96, 105, 106, 107, 108, 112, 114, 116, 117, 120, 129, 130, 132, 135, 136, 139, 142, 143, 180, 182, 183, 184, 185, 186, 187, 188, 189, 190, 191, 192, 193, 194, 195, 196, 197, 198, 199, 200, 201, 205, 206, 213, 215, 216, 217, 219, 220, 221, 235, 236, 237, 238, 239, 240, 246, 247, 248, 249, 250, 251, 257, 258, 259, 264, 266, 267, 268, 269, 271, 272, 276, 277, 278, 280, 282, 283, 284, 287, 290, 293, 294], "summary": {"covered_lines": 98, "num_statements": 127, "percent_covered": 77.16535433070867, "percent_covered_display": "77", "missing_lines": 29, "excluded_lines": 0, "percent_statements_covered": 77.16535433070867, "percent_statements_covered_display": "77"}, "missing_lines": [94, 102, 109, 113, 131, 147, 148, 150, 152, 153, 155, 156, 157, 159, 171, 176, 177, 207, 209, 210, 226, 227, 228, 229, 230, 231, 242, 253, 270], "excluded_lines": [], "start_line": 34}, "": {"executed_lines": [8, 9, 10, 11, 12, 16, 18, 21, 23, 26, 30, 31, 34, 54, 77, 145, 173, 179, 212, 223, 233, 244, 255, 274], "summary": {"covered_lines": 24, "num_statements": 24, "percent_covered": 100.0, "percent_covered_display": "100", "missing_lines": 0, "excluded_lines": 0, "percent_statements_covered": 100.0, "percent_statements_covered_display": "100"}, "missing_lines": [], "excluded_lines": [], "start_line": 1}}}, "trex/gmm/gmm.py": {"executed_lines": [9, 10, 11, 12, 13, 14, 17, 19, 20, 22, 24, 25, 26, 27, 28, 31, 33, 34, 35, 44, 52, 59, 60, 62, 63, 65, 68, 69, 76, 77, 80, 82, 83, 89, 90, 91, 92, 94, 95, 97, 98, 99, 104, 106, 113, 114, 116, 118, 120, 135, 136, 144, 146, 147, 152, 154, 155, 156, 165, 166, 167, 169, 170, 173, 178, 187, 188, 189, 190, 191, 194, 197, 198, 199, 200, 201, 202, 203, 204, 206, 207, 208, 209, 210, 211, 213, 214, 216, 217, 218, 221, 223, 226, 228, 229, 230, 247, 248, 249, 259, 262, 267, 269, 270, 271, 274, 275, 276, 277, 279, 280, 288, 289, 290, 291, 292, 294, 295, 296, 311, 312, 313, 317, 319, 327, 328, 329, 332], "summary": {"covered_lines": 128, "num_statements": 157, "percent_covered": 81.52866242038216, "percent_covered_display": "82", "missing_lines": 29, "excluded_lines": 0, "percent_statements_covered": 81.52866242038216, "percent_statements_covered_display": "82"}, "missing_lines": [21, 23, 61, 73, 107, 108, 111, 117, 143, 145, 153, 168, 184, 205, 215, 231, 232, 233, 234, 235, 266, 303, 316, 320, 321, 322, 323, 324, 325], "excluded_lines": [], "functions": {"moment_covariance": {"executed_lines": [19, 20, 22, 24, 25, 26, 27, 28], "summary": {"covered_lines": 8, "num_statements": 10, "percent_covered": 80.0, "percent_covered_display": "80", "missing_lines": 2, "excluded_lines": 0, "percent_statements_covered": 80.0, "percent_statements_covered_display": "80"}, "missing_lines": [21, 23], "excluded_lines": [], "start_line": 17}, "numerical_jacobian": {"executed_lines": [33, 34, 35], "summary": {"covered_lines": 3, "num_statements": 3, "percent_covered": 100.0, "percent_covered_display": "100", "missing_lines": 0, "excluded_lines": 0, "percent_statements_covered": 100.0, "percent_statements_covered_display": "100"}, "missing_lines": [], "excluded_lines": [], "start_line": 31}, "GMMEstimator.__new__": {"executed_lines": [59, 60, 62, 63], "summary": {"covered_lines": 4, "num_statements": 5, "percent_covered": 80.0, "percent_covered_display": "80", "missing_lines": 1, "excluded_lines": 0, "percent_statements_covered": 80.0, "percent_statements_covered_display": "80"}, "missing_lines": [61], "excluded_lines": [], "start_line": 52}, "GMMEstimator.__init__": {"executed_lines": [68, 69, 76, 77, 80], "summary": {"covered_lines": 5, "num_statements": 6, "percent_covered": 83.33333333333333, "percent_covered_display": "83", "missing_lines": 1, "excluded_lines": 0, "percent_statements_covered": 83.33333333333333, "percent_statements_covered_display": "83"}, "missing_lines": [73], "excluded_lines": [], "start_line": 65}, "GMMEstimator._numpy": {"executed_lines": [83], "summary": {"covered_lines": 1, "num_statements": 1, "percent_covered": 100.0, "percent_covered_display": "100", "missing_lines": 0, "excluded_lines": 0, "percent_statements_covered": 100.0, "percent_statements_covered_display": "100"}, "missing_lines": [], "excluded_lines": [], "start_line": 82}, "GMMEstimator._convert": {"executed_lines": [90, 91, 92], "summary": {"covered_lines": 3, "num_statements": 3, "percent_covered": 100.0, "percent_covered_display": "100", "missing_lines": 0, "excluded_lines": 0, "percent_statements_covered": 100.0, "percent_statements_covered_display": "100"}, "missing_lines": [], "excluded_lines": [], "start_line": 89}, "GMMEstimator._moments": {"executed_lines": [95], "summary": {"covered_lines": 1, "num_statements": 1, "percent_covered": 100.0, "percent_covered_display": "100", "missing_lines": 0, "excluded_lines": 0, "percent_statements_covered": 100.0, "percent_statements_covered_display": "100"}, "missing_lines": [], "excluded_lines": [], "start_line": 94}, "GMMEstimator.gmm_objective": {"executed_lines": [98, 99, 104], "summary": {"covered_lines": 3, "num_statements": 3, "percent_covered": 100.0, "percent_covered_display": "100", "missing_lines": 0, "excluded_lines": 0, "percent_statements_covered": 100.0, "percent_statements_covered_display": "100"}, "missing_lines": [], "excluded_lines": [], "start_line": 97}, "GMMEstimator._compute_hac_covariance": {"executed_lines": [], "summary": {"covered_lines": 0, "num_statements": 3, "percent_covered": 0.0, "percent_covered_display": "0", "missing_lines": 3, "excluded_lines": 0, "percent_statements_covered": 0.0, "percent_statements_covered_display": "0"}, "missing_lines": [107, 108, 111], "excluded_lines": [], "start_line": 106}, "GMMEstimator.optimal_weighting_matrix": {"executed_lines": [114, 116, 118], "summary": {"covered_lines": 3, "num_statements": 4, "percent_covered": 75.0, "percent_covered_display": "75", 
[...]
 883, 884, 885, 886, 887, 888, 889, 890, 891, 894, 895, 897, 898], "summary": {"covered_lines": 17, "num_statements": 18, "percent_covered": 94.44444444444444, "percent_covered_display": "94", "missing_lines": 1, "excluded_lines": 0, "percent_statements_covered": 94.44444444444444, "percent_statements_covered_display": "94"}, "missing_lines": [879], "excluded_lines": [], "start_line": 877}, "TabularDiffusion._setup_schedule": {"executed_lines": [901, 907, 908, 909, 910], "summary": {"covered_lines": 5, "num_statements": 5, "percent_covered": 100.0, "percent_covered_display": "100", "missing_lines": 0, "excluded_lines": 0, "percent_statements_covered": 100.0, "percent_statements_covered_display": "100"}, "missing_lines": [], "excluded_lines": [], "start_line": 900}, "TabularDiffusion._context_tensor": {"executed_lines": [913, 914], "summary": {"covered_lines": 2, "num_statements": 6, "percent_covered": 33.333333333333336, "percent_covered_display": "33", "missing_lines": 4, "excluded_lines": 0, "percent_statements_covered": 33.333333333333336, "percent_statements_covered_display": "33"}, "missing_lines": [915, 916, 917, 918], "excluded_lines": [], "start_line": 912}, "SafetensorsLLMInContextGenerator.__init__": {"executed_lines": [], "summary": {"covered_lines": 0, "num_statements": 12, "percent_covered": 0.0, "percent_covered_display": "0", "missing_lines": 12, "excluded_lines": 0, "percent_statements_covered": 0.0, "percent_statements_covered_display": "0"}, "missing_lines": [943, 944, 945, 946, 947, 948, 949, 950, 951, 952, 953, 954], "excluded_lines": [], "start_line": 929}, "SafetensorsLLMInContextGenerator.fit": {"executed_lines": [], "summary": {"covered_lines": 0, "num_statements": 7, "percent_covered": 0.0, "percent_covered_display": "0", "missing_lines": 7, "excluded_lines": 0, "percent_statements_covered": 0.0, "percent_statements_covered_display": "0"}, "missing_lines": [959, 960, 961, 962, 963, 964, 965], "excluded_lines": [], "start_line": 956}, "SafetensorsLLMInContextGenerator.sample": {"executed_lines": [], "summary": {"covered_lines": 0, "num_statements": 26, "percent_covered": 0.0, "percent_covered_display": "0", "missing_lines": 26, "excluded_lines": 0, "percent_statements_covered": 0.0, "percent_statements_covered_display": "0"}, "missing_lines": [968, 969, 970, 971, 972, 973, 977, 978, 980, 981, 982, 983, 984, 985, 986, 987, 988, 989, 990, 1000, 1003, 1004, 1005, 1009, 1010, 1014], "excluded_lines": [], "start_line": 967}, "SafetensorsLLMInContextGenerator._write_progress": {"executed_lines": [], "summary": {"covered_lines": 0, "num_statements": 6, "percent_covered": 0.0, "percent_covered_display": "0", "missing_lines": 6, "excluded_lines": 0, "percent_statements_covered": 0.0, "percent_statements_covered_display": "0"}, "missing_lines": [1017, 1018, 1019, 1020, 1021, 1022], "excluded_lines": [], "start_line": 1016}, "SafetensorsLLMInContextGenerator._prompt": {"executed_lines": [], "summary": {"covered_lines": 0, "num_statements": 5, "percent_covered": 0.0, "percent_covered_display": "0", "missing_lines": 5, "excluded_lines": 0, "percent_statements_covered": 0.0, "percent_statements_covered_display": "0"}, "missing_lines": [1025, 1026, 1027, 1028, 1031], "excluded_lines": [], "start_line": 1024}, "SafetensorsLLMInContextGenerator._parse_rows": {"executed_lines": [], "summary": {"covered_lines": 0, "num_statements": 12, "percent_covered": 0.0, "percent_covered_display": "0", "missing_lines": 12, "excluded_lines": 0, "percent_statements_covered": 0.0, "percent_statements_covered_display": "0"}, "missing_lines": [1042, 1043, 1044, 1045, 1046, 1047, 1048, 1049, 1050, 1051, 1052, 1053], "excluded_lines": [], "start_line": 1041}, "SafetensorsLLMInContextGenerator._load_model": {"executed_lines": [], "summary": {"covered_lines": 0, "num_statements": 13, "percent_covered": 0.0, "percent_covered_display": "0", "missing_lines": 13, "excluded_lines": 0, "percent_statements_covered": 0.0, "percent_statements_covered_display": "0"}, "missing_lines": [1056, 1058, 1064, 1065, 1067, 1071, 1072, 1073, 1074, 1075, 1079, 1080, 1081], "excluded_lines": [], "start_line": 1055}, "SafetensorsQLORAGenerator.fit_adapter": {"executed_lines": [], "summary": {"covered_lines": 0, "num_statements": 31, "percent_covered": 0.0, "percent_covered_display": "0", "missing_lines": 31, "excluded_lines": 0, "percent_statements_covered": 0.0, "percent_statements_covered_display": "0"}, "missing_lines": [1107, 1108, 1109, 1110, 1115, 1116, 1120, 1121, 1123, 1124, 1125, 1126, 1127, 1133, 1138, 1139, 1140, 1160, 1165, 1166, 1182, 1183, 1184, 1185, 1186, 1187, 1188, 1189, 1190, 1191, 1192], "excluded_lines": [], "start_line": 1092}, "SafetensorsQLORAGenerator._adapter_training_examples": {"executed_lines": [], "summary": {"covered_lines": 0, "num_statements": 13, "percent_covered": 0.0, "percent_covered_display": "0", "missing_lines": 13, "excluded_lines": 0, "percent_statements_covered": 0.0, "percent_statements_covered_display": "0"}, "missing_lines": [1201, 1202, 1203, 1204, 1205, 1208, 1209, 1210, 1211, 1212, 1213, 1214, 1215], "excluded_lines": [], "start_line": 1194}, "SafetensorsQLORAGenerator._adapter_prompt": {"executed_lines": [], "summary": {"covered_lines": 0, "num_statements": 3, "percent_covered": 0.0, "percent_covered_display": "0", "missing_lines": 3, "excluded_lines": 0, "percent_statements_covered": 0.0, "percent_statements_covered_display": "0"}, "missing_lines": [1218, 1219, 1223], "excluded_lines": [], "start_line": 1217}, "SafetensorsQLORAGenerator._adapter_completion": {"executed_lines": [], "summary": {"covered_lines": 0, "num_statements": 2, "percent_covered": 0.0, "percent_covered_display": "0", "missing_lines": 2, "excluded_lines": 0, "percent_statements_covered": 0.0, "percent_statements_covered_display": "0"}, "missing_lines": [1234, 1238], "excluded_lines": [], "start_line": 1233}, "SafetensorsQLORAGenerator._row_training_text": {"executed_lines": [], "summary": {"covered_lines": 0, "num_statements": 3, "percent_covered": 0.0, "percent_covered_display": "0", "missing_lines": 3, "excluded_lines": 0, "percent_statements_covered": 0.0, "percent_statements_covered_display": "0"}, "missing_lines": [1241, 1242, 1243], "excluded_lines": [], "start_line": 1240}, "SafetensorsQLORAGenerator._load_model": {"executed_lines": [], "summary": {"covered_lines": 0, "num_statements": 17, "percent_covered": 0.0, "percent_covered_display": "0", "missing_lines": 17, "excluded_lines": 0, "percent_statements_covered": 0.0, "percent_statements_covered_display": "0"}, "missing_lines": [1246, 1247, 1249, 1250, 1252, 1258, 1259, 1261, 1265, 1266, 1267, 1271, 1272, 1276, 1277, 1278, 1279], "excluded_lines": [], "start_line": 1245}, "_StopOnStrings.__init__": {"executed_lines": [], "summary": {"covered_lines": 0, "num_statements": 2, "percent_covered": 0.0, "percent_covered_display": "0", "missing_lines": 2, "excluded_lines": 0, "percent_statements_covered": 0.0, "percent_statements_covered_display": "0"}, "missing_lines": [1289, 1293], "excluded_lines": [], "start_line": 1283}, "_StopOnStrings.__call__": {"executed_lines": [], "summary": {"covered_lines": 0, "num_statements": 8, "percent_covered": 0.0, "percent_covered_display": "0", "missing_lines": 8, "excluded_lines": 0, "percent_statements_covered": 0.0, "percent_statements_covered_display": "0"}, "missing_lines": [1301, 1302, 1303, 1304, 1305, 1306, 1310, 1311], "excluded_lines": [], "start_line": 1295}, "_TextDataset.__init__": {"executed_lines": [], "summary": {"covered_lines": 0, "num_statements": 2, "percent_covered": 0.0, "percent_covered_display": "0", "missing_lines": 2, "excluded_lines": 0, "percent_statements_covered": 0.0, "percent_statements_covered_display": "0"}, "missing_lines": [1316, 1323], "excluded_lines": [], "start_line": 1315}, "_TextDataset.__len__": {"executed_lines": [], "summary": {"covered_lines": 0, "num_statements": 1, "percent_covered": 0.0, "percent_covered_display": "0", "missing_lines": 1, "excluded_lines": 0, "percent_statements_covered": 0.0, "percent_statements_covered_display": "0"}, "missing_lines": [1326], "excluded_lines": [], "start_line": 1325}, "_TextDataset.__getitem__": {"executed_lines": [], "summary": {"covered_lines": 0, "num_statements": 1, "percent_covered": 0.0, "percent_covered_display": "0", "missing_lines": 1, "excluded_lines": 0, "percent_statements_covered": 0.0, "percent_statements_covered_display": "0"}, "missing_lines": [1329], "excluded_lines": [], "start_line": 1328}, "_CompletionDataset.__init__": {"executed_lines": [], "summary": {"covered_lines": 0, "num_statements": 9, "percent_covered": 0.0, "percent_covered_display": "0", "missing_lines": 9, "excluded_lines": 0, "percent_statements_covered": 0.0, "percent_statements_covered_display": "0"}, "missing_lines": [1339, 1340, 1341, 1342, 1349, 1350, 1351, 1352, 1353], "excluded_lines": [], "start_line": 1333}, "_CompletionDataset.__len__": {"executed_lines": [], "summary": {"covered_lines": 0, "num_statements": 1, "percent_covered": 0.0, "percent_covered_display": "0", "missing_lines": 1, "excluded_lines": 0, "percent_statements_covered": 0.0, "percent_statements_covered_display": "0"}, "missing_lines": [1362], "excluded_lines": [], "start_line": 1361}, "_CompletionDataset.__getitem__": {"executed_lines": [], "summary": {"covered_lines": 0, "num_statements": 1, "percent_covered": 0.0, "percent_covered_display": "0", "missing_lines": 1, "excluded_lines": 0, "percent_statements_covered": 0.0, "percent_statements_covered_display": "0"}, "missing_lines": [1365], "excluded_lines": [], "start_line": 1364}, "_prepare_model_for_lora_training": {"executed_lines": [], "summary": {"covered_lines": 0, "num_statements": 12, "percent_covered": 0.0, "percent_covered_display": "0", "missing_lines": 12, "excluded_lines": 0, "percent_statements_covered": 0.0, "percent_statements_covered_display": "0"}, "missing_lines": [1369, 1370, 1371, 1372, 1375, 1378, 1380, 1381, 1382, 1383, 1386, 1387], "excluded_lines": [], "start_line": 1368}, "": {"executed_lines": [9, 11, 12, 14, 15, 16, 17, 18, 20, 21, 22, 25, 35, 48, 49, 66, 70, 71, 97, 131, 132, 142, 150, 158, 181, 182, 235, 238, 283, 374, 385, 393, 401, 420, 427, 441, 502, 623, 643, 644, 647, 654, 659, 669, 676, 684, 692, 701, 723, 742, 743, 750, 757, 758, 762, 774, 775, 789, 800, 803, 830, 877, 900, 912, 921, 929, 956, 967, 1016, 1024, 1041, 1055, 1084, 1092, 1194, 1217, 1233, 1240, 1245, 1282, 1283, 1295, 1314, 1315, 1325, 1328, 1332, 1333, 1361, 1364, 1368], "summary": {"covered_lines": 91, "num_statements": 91, "percent_covered": 100.0, "percent_covered_display": "100", "missing_lines": 0, "excluded_lines": 0, "percent_statements_covered": 100.0, "percent_statements_covered_display": "100"}, "missing_lines": [], "excluded_lines": [], "start_line": 1}}, "classes": {"_MLP": {"executed_lines": [56, 57, 58, 59, 60, 61, 62, 63, 64, 67], "summary": {"covered_lines": 10, "num_statements": 10, "percent_covered": 100.0, "percent_covered_display": "100", "missing_lines": 0, "excluded_lines": 0, "percent_statements_covered": 100.0, "percent_statements_covered_display": "100"}, "missing_lines": [], "excluded_lines": [], "start_line": 48}, "_WGANGenerator": {"executed_lines": [82, 83, 84, 85, 86, 87, 88, 89, 91, 92, 93, 95, 103, 104, 106, 113, 117, 118, 119, 121, 122, 123, 124, 125, 126, 127, 128], "summary": {"covered_lines": 27, "num_statements": 33, "percent_covered": 81.81818181818181, "percent_covered_display": "82", "missing_lines": 6, "excluded_lines": 0, "percent_statements_covered": 81.81818181818181, "percent_statements_covered_display": "82"}, "missing_lines": [105, 107, 114, 115, 116, 120], "excluded_lines": [], "start_line": 70}, "_WGANCritic": {"executed_lines": [139, 140, 145, 147], "summary": {"covered_lines": 4, "num_statements": 5, "percent_covered": 80.0, "percent_covered_display": "80", "missing_lines": 1, "excluded_lines": 0, "percent_statements_covered": 80.0, "percent_statements_covered_display": "80"}, "missing_lines": [146], "excluded_lines": [], "start_line": 131}, "_OptimisticAdam": {"executed_lines": [166, 168, 170, 171, 173, 179, 183, 184, 188, 189, 190, 191, 192, 193, 194, 196, 197, 201, 204, 205, 206, 207, 208, 209, 211, 212, 213, 214, 215, 217, 218, 220, 221, 222, 223, 224, 226, 227, 229, 230, 231, 232], "summary": {"covered_lines": 42, "num_statements": 50, "percent_covered": 84.0, "percent_covered_display": "84", "missing_lines": 8, "excluded_lines": 0, "percent_statements_covered": 84.0, "percent_statements_covered_display": "84"}, "missing_lines": [167, 169, 172, 185, 186, 195, 198, 202], "excluded_lines": [], "start_line": 150}, "TabularWGAN": {"executed_lines": [258, 259, 260, 265, 266, 267, 268, 269, 270, 271, 273, 274, 275, 276, 277, 278, 279, 280, 281, 289, 290, 291, 292, 293, 294, 295, 296, 297, 299, 309, 316, 322, 323, 325, 326, 327, 328, 329, 330, 331, 332, 336, 337, 342, 343, 344, 346, 347, 348, 349, 350, 351, 352, 353, 354, 355, 357, 358, 359, 360, 362, 372, 375, 377, 378, 379, 380, 381, 382, 383, 386, 387, 394, 395, 396, 397, 399, 407, 408, 409, 410, 418, 421, 422, 423, 424], "summary": {"covered_lines": 86, "num_statements": 96, "percent_covered": 89.58333333333333, "percent_covered_display": "90", "missing_lines": 10, "excluded_lines": 0, "percent_statements_covered": 89.58333333333333, "percent_statements_covered_display": "90"}, "missing_lines": [272, 333, 334, 335, 376, 388, 389, 390, 391, 398], "excluded_lines": [], "start_line": 235}, "TabularPTGAN": {"executed_lines": [464, 465, 467, 469, 471, 472, 477, 478, 479, 480, 481, 482, 483, 484, 485, 486, 487, 488, 489, 490, 491, 492, 493, 494, 508, 509, 510, 511, 512, 513, 514, 515, 516, 520, 530, 536, 537, 538, 540, 541, 542, 543, 544, 545, 546, 547, 548, 549, 551, 552, 553, 554, 555, 556, 557, 559, 560, 561, 565, 566, 568, 574, 581, 582, 588, 589, 590, 591, 593, 594, 595, 596, 597, 599, 600, 601, 604, 607, 608, 609, 611, 621, 630, 632, 633, 634, 635, 636, 637, 638, 639, 640, 641, 645, 652, 655, 656, 657, 660, 661, 662, 663, 665, 667, 670, 671, 673, 674, 677, 678, 685, 687, 688, 690, 698, 699, 708, 712, 720, 721, 744, 745, 746, 747, 748, 751, 752, 753], "summary": {"covered_lines": 128, "num_statements": 148, "percent_covered": 86.48648648648648, "percent_covered_display": "86", "missing_lines": 20, "excluded_lines": 0, "percent_statements_covered": 86.48648648648648, "percent_statements_covered_display": "86"}, "missing_lines": [466, 468, 470, 575, 631, 664, 666, 672, 679, 680, 681, 682, 686, 689, 729, 730, 731, 732, 740, 754], "excluded_lines": [], "start_line": 427}, "_TimeEmbedding": {"executed_lines": [759, 760, 763, 764, 767, 768, 769, 771], "summary": {"covered_lines": 8, "num_statements": 9, "percent_covered": 88.88888888888889, "percent_covered_display": "89", "missing_lines": 1, "excluded_lines": 0, "percent_statements_covered": 88.88888888888889, "percent_statements_covered_display": "89"}, "missing_lines": [770], "excluded_lines": [], "start_line": 757}, "_Denoiser": {"executed_lines": [783, 784, 785, 795, 797], "summary": {"covered_lines": 5, "num_statements": 6, "percent_covered": 83.33333333333333, "percent_covered_display": "83", "missing_lines": 1, "excluded_lines": 0, "percent_statements_covered": 83.33333333333333, "percent_statements_covered_display": "83"}, "missing_lines": [796], "excluded_lines": [], "start_line": 774}, "TabularDiffusion": {"executed_lines": [817, 818, 819, 820, 821, 822, 823, 824, 825, 826, 827, 828, 831, 832, 833, 834, 835, 836, 843, 844, 850, 851, 852, 853, 857, 858, 859, 860, 861, 862, 863, 864, 865, 866, 867, 869, 875, 878, 880, 881, 882, 883, 884, 885, 886, 887, 888, 889, 890, 891, 894, 895, 897, 898, 901, 907, 908, 909, 910, 913, 914], "summary": {"covered_lines": 61, "num_statements": 69, "percent_covered": 88.40579710144928, "percent_covered_display": "88", "missing_lines": 8, "excluded_lines": 0, "percent_statements_covered": 88.40579710144928, "percent_statements_covered_display": "88"}, "missing_lines": [854, 855, 856, 879, 915, 916, 917, 918], "excluded_lines": [], "start_line": 800}, "SafetensorsLLMInContextGenerator": {"executed_lines": [], "summary": {"covered_lines": 0, "num_statements": 81, "percent_covered": 0.0, "percent_covered_display": "0", "missing_lines": 81, "excluded_lines": 0, "percent_statements_covered": 0.0, "percent_statements_covered_display": "0"}, "missing_lines": [943, 944, 945, 946, 947, 948, 949, 950, 951, 952, 953, 954, 959, 960, 961, 962, 963, 964, 965, 968, 969, 970, 971, 972, 973, 977, 978, 980, 981, 982, 983, 984, 985, 986, 987, 988, 989, 990, 1000, 1003, 1004, 1005, 1009, 1010, 1014, 1017, 1018, 1019, 1020, 1021, 1022, 1025, 1026, 1027, 1028, 1031, 1042, 1043, 1044, 1045, 1046, 1047, 1048, 1049, 1050, 1051, 1052, 1053, 1056, 1058, 1064, 1065, 1067, 1071, 1072, 1073, 1074, 1075, 1079, 1080, 1081], "excluded_lines": [], "start_line": 921}, "SafetensorsQLORAGenerator": {"executed_lines": [], "summary": {"covered_lines": 0, "num_statements": 69, "percent_covered": 0.0, "percent_covered_display": "0", "missing_lines": 69, "excluded_lines": 0, "percent_statements_covered": 0.0, "percent_statements_covered_display": "0"}, "missing_lines": [1107, 1108, 1109, 1110, 1115, 1116, 1120, 1121, 1123, 1124, 1125, 1126, 1127, 1133, 1138, 1139, 1140, 1160, 1165, 1166, 1182, 1183, 1184, 1185, 1186, 1187, 1188, 1189, 1190, 1191, 1192, 1201, 1202, 1203, 1204, 1205, 1208, 1209, 1210, 1211, 1212, 1213, 1214, 1215, 1218, 1219, 1223, 1234, 1238, 1241, 1242, 1243, 1246, 1247, 1249, 1250, 1252, 1258, 1259, 1261, 1265, 1266, 1267, 1271, 1272, 1276, 1277, 1278, 1279], "excluded_lines": [], "start_line": 1084}, "_StopOnStrings": {"executed_lines": [], "summary": {"covered_lines": 0, "num_statements": 10, "percent_covered": 0.0, "percent_covered_display": "0", "missing_lines": 10, "excluded_lines": 0, "percent_statements_covered": 0.0, "percent_statements_covered_display": "0"}, "missing_lines": [1289, 1293, 1301, 1302, 1303, 1304, 1305, 1306, 1310, 1311], "excluded_lines": [], "start_line": 1282}, "_TextDataset": {"executed_lines": [], "summary": {"covered_lines": 0, "num_statements": 4, "percent_covered": 0.0, "percent_covered_display": "0", "missing_lines": 4, "excluded_lines": 0, "percent_statements_covered": 0.0, "percent_statements_covered_display": "0"}, "missing_lines": [1316, 1323, 1326, 1329], "excluded_lines": [], "start_line": 1314}, "_CompletionDataset": {"executed_lines": [], "summary": {"covered_lines": 0, "num_statements": 11, "percent_covered": 0.0, "percent_covered_display": "0", "missing_lines": 11, "excluded_lines": 0, "percent_statements_covered": 0.0, "percent_statements_covered_display": "0"}, "missing_lines": [1339, 1340, 1341, 1342, 1349, 1350, 1351, 1352, 1353, 1362, 1365], "excluded_lines": [], "start_line": 1332}, "": {"executed_lines": [9, 11, 12, 14, 15, 16, 17, 18, 20, 21, 22, 25, 30, 32, 35, 40, 41, 43, 45, 48, 49, 66, 70, 71, 97, 131, 132, 142, 150, 158, 181, 182, 235, 238, 283, 374, 385, 393, 401, 420, 427, 441, 502, 623, 643, 644, 647, 654, 659, 669, 676, 684, 692, 701, 723, 742, 743, 750, 757, 758, 762, 774, 775, 789, 800, 803, 830, 877, 900, 912, 921, 929, 956, 967, 1016, 1024, 1041, 1055, 1084, 1092, 1194, 1217, 1233, 1240, 1245, 1282, 1283, 1295, 1314, 1315, 1325, 1328, 1332, 1333, 1361, 1364, 1368], "summary": {"covered_lines": 97, "num_statements": 112, "percent_covered": 86.60714285714286, "percent_covered_display": "87", "missing_lines": 15, "excluded_lines": 0, "percent_statements_covered": 86.60714285714286, "percent_statements_covered_display": "87"}, "missing_lines": [31, 42, 44, 1369, 1370, 1371, 1372, 1375, 1378, 1380, 1381, 1382, 1383, 1386, 1387], "excluded_lines": [], "start_line": 1}}}}, "totals": {"covered_lines": 3038, "num_statements": 3856, "percent_covered": 78.78630705394191, "percent_covered_display": "79", "missing_lines": 818, "excluded_lines": 0, "percent_statements_covered": 78.78630705394191, "percent_statements_covered_display": "79"}}